TimeQuest Timing Analyzer report for ConversorBCD
Wed Dec 06 23:30:54 2023
Quartus II 32-bit Version 13.0.1 Build 232 06/12/2013 Service Pack 1 SJ Web Edition


---------------------
; Table of Contents ;
---------------------
  1. Legal Notice
  2. TimeQuest Timing Analyzer Summary
  3. Parallel Compilation
  4. Clocks
  5. Slow 1200mV 85C Model Fmax Summary
  6. Timing Closure Recommendations
  7. Slow 1200mV 85C Model Setup Summary
  8. Slow 1200mV 85C Model Hold Summary
  9. Slow 1200mV 85C Model Recovery Summary
 10. Slow 1200mV 85C Model Removal Summary
 11. Slow 1200mV 85C Model Minimum Pulse Width Summary
 12. Propagation Delay
 13. Minimum Propagation Delay
 14. Slow 1200mV 85C Model Metastability Report
 15. Slow 1200mV 0C Model Fmax Summary
 16. Slow 1200mV 0C Model Setup Summary
 17. Slow 1200mV 0C Model Hold Summary
 18. Slow 1200mV 0C Model Recovery Summary
 19. Slow 1200mV 0C Model Removal Summary
 20. Slow 1200mV 0C Model Minimum Pulse Width Summary
 21. Propagation Delay
 22. Minimum Propagation Delay
 23. Slow 1200mV 0C Model Metastability Report
 24. Fast 1200mV 0C Model Setup Summary
 25. Fast 1200mV 0C Model Hold Summary
 26. Fast 1200mV 0C Model Recovery Summary
 27. Fast 1200mV 0C Model Removal Summary
 28. Fast 1200mV 0C Model Minimum Pulse Width Summary
 29. Propagation Delay
 30. Minimum Propagation Delay
 31. Fast 1200mV 0C Model Metastability Report
 32. Multicorner Timing Analysis Summary
 33. Progagation Delay
 34. Minimum Progagation Delay
 35. Board Trace Model Assignments
 36. Input Transition Times
 37. Slow Corner Signal Integrity Metrics
 38. Fast Corner Signal Integrity Metrics
 39. Clock Transfers
 40. Report TCCS
 41. Report RSKM
 42. Unconstrained Paths
 43. TimeQuest Timing Analyzer Messages



----------------
; Legal Notice ;
----------------
Copyright (C) 1991-2013 Altera Corporation
Your use of Altera Corporation's design tools, logic functions 
and other software and tools, and its AMPP partner logic 
functions, and any output files from any of the foregoing 
(including device programming or simulation files), and any 
associated documentation or information are expressly subject 
to the terms and conditions of the Altera Program License 
Subscription Agreement, Altera MegaCore Function License 
Agreement, or other applicable license agreement, including, 
without limitation, that your use is for the sole purpose of 
programming logic devices manufactured by Altera and sold by 
Altera or its authorized distributors.  Please refer to the 
applicable agreement for further details.



+----------------------------------------------------------------------------------------+
; TimeQuest Timing Analyzer Summary                                                      ;
+--------------------+-------------------------------------------------------------------+
; Quartus II Version ; Version 13.0.1 Build 232 06/12/2013 Service Pack 1 SJ Web Edition ;
; Revision Name      ; ConversorBCD                                                      ;
; Device Family      ; Cyclone III                                                       ;
; Device Name        ; EP3C16F484C7                                                      ;
; Timing Models      ; Final                                                             ;
; Delay Model        ; Combined                                                          ;
; Rise/Fall Delays   ; Enabled                                                           ;
+--------------------+-------------------------------------------------------------------+


Parallel compilation was disabled, but you have multiple processors available. Enable parallel compilation to reduce compilation time.
+-------------------------------------+
; Parallel Compilation                ;
+----------------------------+--------+
; Processors                 ; Number ;
+----------------------------+--------+
; Number detected on machine ; 16     ;
; Maximum allowed            ; 1      ;
+----------------------------+--------+


----------
; Clocks ;
----------
No clocks to report.


--------------------------------------
; Slow 1200mV 85C Model Fmax Summary ;
--------------------------------------
No paths to report.


----------------------------------
; Timing Closure Recommendations ;
----------------------------------
HTML report is unavailable in plain text report export.


---------------------------------------
; Slow 1200mV 85C Model Setup Summary ;
---------------------------------------
No paths to report.


--------------------------------------
; Slow 1200mV 85C Model Hold Summary ;
--------------------------------------
No paths to report.


------------------------------------------
; Slow 1200mV 85C Model Recovery Summary ;
------------------------------------------
No paths to report.


-----------------------------------------
; Slow 1200mV 85C Model Removal Summary ;
-----------------------------------------
No paths to report.


-----------------------------------------------------
; Slow 1200mV 85C Model Minimum Pulse Width Summary ;
-----------------------------------------------------
No paths to report.


+--------------------------------------------------------------+
; Propagation Delay                                            ;
+------------+-------------+--------+--------+--------+--------+
; Input Port ; Output Port ; RR     ; RF     ; FR     ; FF     ;
+------------+-------------+--------+--------+--------+--------+
; A[0]       ; SA          ; 9.919  ; 9.801  ; 10.228 ; 10.110 ;
; A[0]       ; SB          ; 9.913  ; 9.798  ; 10.222 ; 10.107 ;
; A[0]       ; SC          ; 10.480 ; 10.321 ; 10.791 ; 10.630 ;
; A[0]       ; SD          ; 10.442 ; 10.276 ; 10.751 ; 10.585 ;
; A[0]       ; SE          ; 10.272 ; 10.475 ; 10.618 ; 10.784 ;
; A[0]       ; SF          ; 10.421 ; 10.262 ; 10.733 ; 10.571 ;
; A[0]       ; SG          ; 10.453 ; 10.298 ; 10.763 ; 10.607 ;
; A[0]       ; flag_N      ; 8.075  ; 8.008  ; 8.384  ; 8.354  ;
; A[0]       ; flag_Z      ; 11.073 ; 11.233 ; 11.419 ; 11.542 ;
; A[1]       ; SA          ; 10.239 ; 10.121 ; 10.618 ; 10.500 ;
; A[1]       ; SB          ; 10.233 ; 10.118 ; 10.612 ; 10.497 ;
; A[1]       ; SC          ; 10.800 ; 10.641 ; 11.181 ; 11.020 ;
; A[1]       ; SD          ; 10.762 ; 10.596 ; 11.141 ; 10.975 ;
; A[1]       ; SE          ; 10.592 ; 10.795 ; 11.008 ; 11.174 ;
; A[1]       ; SF          ; 10.741 ; 10.582 ; 11.123 ; 10.961 ;
; A[1]       ; SG          ; 10.773 ; 10.618 ; 11.153 ; 10.997 ;
; A[1]       ; flag_N      ; 8.395  ; 8.328  ; 8.774  ; 8.744  ;
; A[1]       ; flag_Z      ; 11.393 ; 11.553 ; 11.809 ; 11.932 ;
; A[2]       ; SA          ; 9.704  ; 9.622  ; 10.055 ; 9.973  ;
; A[2]       ; SB          ; 9.690  ; 9.619  ; 10.033 ; 9.970  ;
; A[2]       ; SC          ; 10.273 ; 10.150 ; 10.624 ; 10.501 ;
; A[2]       ; SD          ; 10.229 ; 10.099 ; 10.580 ; 10.450 ;
; A[2]       ; SE          ; 10.146 ; 10.265 ; 10.497 ; 10.616 ;
; A[2]       ; SF          ; 10.211 ; 10.088 ; 10.562 ; 10.439 ;
; A[2]       ; SG          ; 10.242 ; 10.123 ; 10.593 ; 10.474 ;
; A[2]       ; flag_N      ; 7.818  ; 7.751  ; 8.157  ; 8.127  ;
; A[2]       ; flag_Z      ; 10.950 ; 11.016 ; 11.301 ; 11.359 ;
; A[3]       ; SA          ; 9.105  ; 8.987  ; 9.451  ; 9.333  ;
; A[3]       ; SB          ; 9.099  ; 8.984  ; 9.445  ; 9.330  ;
; A[3]       ; SC          ; 9.666  ; 9.507  ; 10.012 ; 9.853  ;
; A[3]       ; SD          ; 9.628  ; 9.462  ; 9.974  ; 9.808  ;
; A[3]       ; SE          ; 9.457  ; 9.661  ; 9.805  ; 10.007 ;
; A[3]       ; SF          ; 9.607  ; 9.448  ; 9.953  ; 9.794  ;
; A[3]       ; SG          ; 9.639  ; 9.484  ; 9.985  ; 9.830  ;
; A[3]       ; flag_N      ; 7.261  ; 7.193  ; 7.607  ; 7.541  ;
; A[3]       ; flag_Z      ; 10.258 ; 10.419 ; 10.606 ; 10.765 ;
; B[0]       ; SA          ; 10.087 ; 9.969  ; 10.424 ; 10.306 ;
; B[0]       ; SB          ; 10.081 ; 9.966  ; 10.418 ; 10.303 ;
; B[0]       ; SC          ; 10.648 ; 10.489 ; 10.987 ; 10.826 ;
; B[0]       ; SD          ; 10.610 ; 10.444 ; 10.947 ; 10.781 ;
; B[0]       ; SE          ; 10.440 ; 10.643 ; 10.814 ; 10.980 ;
; B[0]       ; SF          ; 10.589 ; 10.430 ; 10.929 ; 10.767 ;
; B[0]       ; SG          ; 10.621 ; 10.466 ; 10.959 ; 10.803 ;
; B[0]       ; flag_N      ; 8.243  ; 8.176  ; 8.580  ; 8.550  ;
; B[0]       ; flag_Z      ; 11.241 ; 11.401 ; 11.615 ; 11.738 ;
; B[1]       ; SA          ; 10.198 ; 10.080 ; 10.574 ; 10.456 ;
; B[1]       ; SB          ; 10.192 ; 10.077 ; 10.568 ; 10.453 ;
; B[1]       ; SC          ; 10.759 ; 10.600 ; 11.137 ; 10.976 ;
; B[1]       ; SD          ; 10.721 ; 10.555 ; 11.097 ; 10.931 ;
; B[1]       ; SE          ; 10.551 ; 10.754 ; 10.964 ; 11.130 ;
; B[1]       ; SF          ; 10.700 ; 10.541 ; 11.079 ; 10.917 ;
; B[1]       ; SG          ; 10.732 ; 10.577 ; 11.109 ; 10.953 ;
; B[1]       ; flag_N      ; 8.354  ; 8.287  ; 8.730  ; 8.700  ;
; B[1]       ; flag_Z      ; 11.352 ; 11.512 ; 11.765 ; 11.888 ;
; B[2]       ; SA          ; 9.885  ; 9.803  ; 10.251 ; 10.169 ;
; B[2]       ; SB          ; 9.875  ; 9.800  ; 10.229 ; 10.166 ;
; B[2]       ; SC          ; 10.454 ; 10.331 ; 10.820 ; 10.697 ;
; B[2]       ; SD          ; 10.410 ; 10.280 ; 10.776 ; 10.646 ;
; B[2]       ; SE          ; 10.327 ; 10.446 ; 10.693 ; 10.812 ;
; B[2]       ; SF          ; 10.392 ; 10.269 ; 10.758 ; 10.635 ;
; B[2]       ; SG          ; 10.423 ; 10.304 ; 10.789 ; 10.670 ;
; B[2]       ; flag_N      ; 7.987  ; 7.920  ; 8.331  ; 8.301  ;
; B[2]       ; flag_Z      ; 11.131 ; 11.201 ; 11.497 ; 11.555 ;
; B[3]       ; SA          ; 9.590  ; 9.472  ; 9.965  ; 9.847  ;
; B[3]       ; SB          ; 9.584  ; 9.469  ; 9.959  ; 9.844  ;
; B[3]       ; SC          ; 10.151 ; 9.992  ; 10.526 ; 10.367 ;
; B[3]       ; SD          ; 10.113 ; 9.947  ; 10.488 ; 10.322 ;
; B[3]       ; SE          ; 9.943  ; 10.146 ; 10.310 ; 10.521 ;
; B[3]       ; SF          ; 10.092 ; 9.933  ; 10.467 ; 10.308 ;
; B[3]       ; SG          ; 10.124 ; 9.969  ; 10.499 ; 10.344 ;
; B[3]       ; flag_N      ; 7.746  ; 7.679  ; 8.121  ; 8.046  ;
; B[3]       ; flag_Z      ; 10.744 ; 10.904 ; 11.111 ; 11.279 ;
; op[0]      ; SA          ; 9.726  ; 9.649  ; 10.094 ; 10.049 ;
; op[0]      ; SB          ; 9.709  ; 9.638  ; 10.109 ; 10.038 ;
; op[0]      ; SC          ; 10.296 ; 10.131 ; 10.696 ; 10.499 ;
; op[0]      ; SD          ; 10.252 ; 10.125 ; 10.621 ; 10.525 ;
; op[0]      ; SE          ; 10.090 ; 10.278 ; 10.458 ; 10.678 ;
; op[0]      ; SF          ; 10.238 ; 10.070 ; 10.638 ; 10.460 ;
; op[0]      ; SG          ; 10.268 ; 10.150 ; 10.636 ; 10.550 ;
; op[0]      ; flag_N      ; 7.639  ; 7.564  ; 8.040  ; 7.965  ;
; op[0]      ; flag_Z      ; 10.933 ; 11.053 ; 11.301 ; 11.453 ;
; op[1]      ; SA          ; 10.397 ; 10.238 ; 10.703 ; 10.701 ;
; op[1]      ; SB          ; 10.375 ; 10.232 ; 10.761 ; 10.690 ;
; op[1]      ; SC          ; 10.885 ; 10.802 ; 11.348 ; 11.103 ;
; op[1]      ; SD          ; 10.923 ; 10.744 ; 11.273 ; 11.177 ;
; op[1]      ; SE          ; 10.761 ; 10.867 ; 11.062 ; 11.330 ;
; op[1]      ; SF          ; 10.855 ; 10.741 ; 11.290 ; 11.112 ;
; op[1]      ; SG          ; 10.939 ; 10.771 ; 11.287 ; 11.202 ;
; op[1]      ; flag_N      ; 7.986  ; 7.918  ; 8.371  ; 8.296  ;
; op[1]      ; flag_Z      ; 11.604 ; 11.642 ; 11.905 ; 12.105 ;
+------------+-------------+--------+--------+--------+--------+


+--------------------------------------------------------------+
; Minimum Propagation Delay                                    ;
+------------+-------------+--------+--------+--------+--------+
; Input Port ; Output Port ; RR     ; RF     ; FR     ; FF     ;
+------------+-------------+--------+--------+--------+--------+
; A[0]       ; SA          ; 8.763  ; 8.598  ; 9.074  ; 8.909  ;
; A[0]       ; SB          ; 8.718  ; 8.626  ; 9.029  ; 8.937  ;
; A[0]       ; SC          ; 9.265  ; 9.213  ; 9.576  ; 9.532  ;
; A[0]       ; SD          ; 9.265  ; 9.080  ; 9.576  ; 9.391  ;
; A[0]       ; SE          ; 9.217  ; 9.257  ; 9.536  ; 9.568  ;
; A[0]       ; SF          ; 9.297  ; 9.045  ; 9.616  ; 9.356  ;
; A[0]       ; SG          ; 9.238  ; 9.144  ; 9.549  ; 9.455  ;
; A[0]       ; flag_N      ; 7.880  ; 7.815  ; 8.177  ; 8.147  ;
; A[0]       ; flag_Z      ; 9.951  ; 10.138 ; 10.262 ; 10.457 ;
; A[1]       ; SA          ; 9.324  ; 9.204  ; 9.657  ; 9.537  ;
; A[1]       ; SB          ; 9.330  ; 9.201  ; 9.664  ; 9.534  ;
; A[1]       ; SC          ; 9.879  ; 9.715  ; 10.213 ; 10.048 ;
; A[1]       ; SD          ; 9.840  ; 9.641  ; 10.174 ; 9.974  ;
; A[1]       ; SE          ; 9.711  ; 9.877  ; 10.044 ; 10.211 ;
; A[1]       ; SF          ; 9.815  ; 9.700  ; 10.148 ; 10.033 ;
; A[1]       ; SG          ; 9.820  ; 9.730  ; 10.153 ; 10.064 ;
; A[1]       ; flag_N      ; 8.128  ; 8.063  ; 8.454  ; 8.424  ;
; A[1]       ; flag_Z      ; 10.542 ; 10.687 ; 10.875 ; 11.021 ;
; A[2]       ; SA          ; 9.333  ; 9.231  ; 9.651  ; 9.534  ;
; A[2]       ; SB          ; 9.343  ; 9.229  ; 9.646  ; 9.589  ;
; A[2]       ; SC          ; 9.882  ; 9.734  ; 10.194 ; 10.037 ;
; A[2]       ; SD          ; 9.838  ; 9.687  ; 10.154 ; 9.990  ;
; A[2]       ; SE          ; 9.730  ; 9.875  ; 10.040 ; 10.193 ;
; A[2]       ; SF          ; 9.822  ; 9.678  ; 10.137 ; 9.981  ;
; A[2]       ; SG          ; 9.851  ; 9.712  ; 10.167 ; 10.015 ;
; A[2]       ; flag_N      ; 7.631  ; 7.566  ; 7.958  ; 7.928  ;
; A[2]       ; flag_Z      ; 10.508 ; 10.626 ; 10.870 ; 10.929 ;
; A[3]       ; SA          ; 8.814  ; 8.690  ; 9.141  ; 9.017  ;
; A[3]       ; SB          ; 8.809  ; 8.687  ; 9.136  ; 9.014  ;
; A[3]       ; SC          ; 9.357  ; 9.193  ; 9.684  ; 9.520  ;
; A[3]       ; SD          ; 9.316  ; 9.145  ; 9.643  ; 9.472  ;
; A[3]       ; SE          ; 9.188  ; 9.392  ; 9.515  ; 9.721  ;
; A[3]       ; SF          ; 9.300  ; 9.137  ; 9.627  ; 9.464  ;
; A[3]       ; SG          ; 9.329  ; 9.170  ; 9.656  ; 9.497  ;
; A[3]       ; flag_N      ; 7.095  ; 7.024  ; 7.424  ; 7.351  ;
; A[3]       ; flag_Z      ; 9.966  ; 10.126 ; 10.293 ; 10.455 ;
; B[0]       ; SA          ; 8.921  ; 8.756  ; 9.257  ; 9.095  ;
; B[0]       ; SB          ; 8.876  ; 8.784  ; 9.215  ; 9.123  ;
; B[0]       ; SC          ; 9.423  ; 9.369  ; 9.762  ; 9.675  ;
; B[0]       ; SD          ; 9.423  ; 9.238  ; 9.762  ; 9.577  ;
; B[0]       ; SE          ; 9.373  ; 9.415  ; 9.679  ; 9.754  ;
; B[0]       ; SF          ; 9.453  ; 9.203  ; 9.759  ; 9.542  ;
; B[0]       ; SG          ; 9.396  ; 9.302  ; 9.735  ; 9.641  ;
; B[0]       ; flag_N      ; 8.041  ; 7.976  ; 8.365  ; 8.335  ;
; B[0]       ; flag_Z      ; 10.109 ; 10.294 ; 10.448 ; 10.600 ;
; B[1]       ; SA          ; 9.427  ; 9.307  ; 9.739  ; 9.619  ;
; B[1]       ; SB          ; 9.431  ; 9.304  ; 9.738  ; 9.616  ;
; B[1]       ; SC          ; 9.980  ; 9.818  ; 10.287 ; 10.130 ;
; B[1]       ; SD          ; 9.941  ; 9.744  ; 10.248 ; 10.056 ;
; B[1]       ; SE          ; 9.814  ; 9.978  ; 10.126 ; 10.285 ;
; B[1]       ; SF          ; 9.918  ; 9.803  ; 10.230 ; 10.115 ;
; B[1]       ; SG          ; 9.923  ; 9.831  ; 10.235 ; 10.138 ;
; B[1]       ; flag_N      ; 8.090  ; 8.025  ; 8.413  ; 8.383  ;
; B[1]       ; flag_Z      ; 10.645 ; 10.788 ; 10.957 ; 11.095 ;
; B[2]       ; SA          ; 9.459  ; 9.335  ; 9.765  ; 9.684  ;
; B[2]       ; SB          ; 9.454  ; 9.332  ; 9.814  ; 9.682  ;
; B[2]       ; SC          ; 10.002 ; 9.838  ; 10.314 ; 10.193 ;
; B[2]       ; SD          ; 9.961  ; 9.790  ; 10.270 ; 10.142 ;
; B[2]       ; SE          ; 9.833  ; 10.013 ; 10.190 ; 10.307 ;
; B[2]       ; SF          ; 9.945  ; 9.782  ; 10.254 ; 10.134 ;
; B[2]       ; SG          ; 9.974  ; 9.815  ; 10.283 ; 10.166 ;
; B[2]       ; flag_N      ; 7.734  ; 7.669  ; 8.059  ; 8.029  ;
; B[2]       ; flag_Z      ; 10.611 ; 10.749 ; 10.971 ; 11.090 ;
; B[3]       ; SA          ; 9.281  ; 9.157  ; 9.611  ; 9.487  ;
; B[3]       ; SB          ; 9.276  ; 9.154  ; 9.606  ; 9.484  ;
; B[3]       ; SC          ; 9.824  ; 9.660  ; 10.154 ; 9.990  ;
; B[3]       ; SD          ; 9.783  ; 9.612  ; 10.113 ; 9.942  ;
; B[3]       ; SE          ; 9.655  ; 9.857  ; 9.985  ; 10.183 ;
; B[3]       ; SF          ; 9.767  ; 9.604  ; 10.097 ; 9.934  ;
; B[3]       ; SG          ; 9.796  ; 9.637  ; 10.126 ; 9.967  ;
; B[3]       ; flag_N      ; 7.560  ; 7.491  ; 7.886  ; 7.821  ;
; B[3]       ; flag_Z      ; 10.433 ; 10.591 ; 10.763 ; 10.917 ;
; op[0]      ; SA          ; 8.718  ; 8.604  ; 9.080  ; 8.969  ;
; op[0]      ; SB          ; 8.716  ; 8.635  ; 9.082  ; 8.997  ;
; op[0]      ; SC          ; 9.264  ; 9.107  ; 9.629  ; 9.473  ;
; op[0]      ; SD          ; 9.223  ; 9.060  ; 9.585  ; 9.426  ;
; op[0]      ; SE          ; 9.110  ; 9.260  ; 9.476  ; 9.622  ;
; op[0]      ; SF          ; 9.207  ; 9.051  ; 9.569  ; 9.416  ;
; op[0]      ; SG          ; 9.236  ; 9.085  ; 9.598  ; 9.451  ;
; op[0]      ; flag_N      ; 7.062  ; 7.049  ; 7.453  ; 7.339  ;
; op[0]      ; flag_Z      ; 9.924  ; 9.999  ; 10.281 ; 10.365 ;
; op[1]      ; SA          ; 8.764  ; 8.678  ; 9.083  ; 9.002  ;
; op[1]      ; SB          ; 8.790  ; 8.681  ; 9.117  ; 9.000  ;
; op[1]      ; SC          ; 9.313  ; 9.181  ; 9.632  ; 9.508  ;
; op[1]      ; SD          ; 9.269  ; 9.134  ; 9.588  ; 9.460  ;
; op[1]      ; SE          ; 9.184  ; 9.306  ; 9.508  ; 9.625  ;
; op[1]      ; SF          ; 9.253  ; 9.125  ; 9.572  ; 9.452  ;
; op[1]      ; SG          ; 9.282  ; 9.159  ; 9.601  ; 9.484  ;
; op[1]      ; flag_N      ; 7.407  ; 7.403  ; 7.767  ; 7.653  ;
; op[1]      ; flag_Z      ; 9.970  ; 10.073 ; 10.289 ; 10.400 ;
+------------+-------------+--------+--------+--------+--------+


----------------------------------------------
; Slow 1200mV 85C Model Metastability Report ;
----------------------------------------------
No synchronizer chains to report.


-------------------------------------
; Slow 1200mV 0C Model Fmax Summary ;
-------------------------------------
No paths to report.


--------------------------------------
; Slow 1200mV 0C Model Setup Summary ;
--------------------------------------
No paths to report.


-------------------------------------
; Slow 1200mV 0C Model Hold Summary ;
-------------------------------------
No paths to report.


-----------------------------------------
; Slow 1200mV 0C Model Recovery Summary ;
-----------------------------------------
No paths to report.


----------------------------------------
; Slow 1200mV 0C Model Removal Summary ;
----------------------------------------
No paths to report.


----------------------------------------------------
; Slow 1200mV 0C Model Minimum Pulse Width Summary ;
----------------------------------------------------
No paths to report.


+--------------------------------------------------------------+
; Propagation Delay                                            ;
+------------+-------------+--------+--------+--------+--------+
; Input Port ; Output Port ; RR     ; RF     ; FR     ; FF     ;
+------------+-------------+--------+--------+--------+--------+
; A[0]       ; SA          ; 9.274  ; 9.122  ; 9.485  ; 9.333  ;
; A[0]       ; SB          ; 9.265  ; 9.121  ; 9.476  ; 9.332  ;
; A[0]       ; SC          ; 9.793  ; 9.588  ; 10.004 ; 9.799  ;
; A[0]       ; SD          ; 9.762  ; 9.546  ; 9.973  ; 9.757  ;
; A[0]       ; SE          ; 9.458  ; 9.796  ; 9.703  ; 10.007 ;
; A[0]       ; SF          ; 9.746  ; 9.537  ; 9.957  ; 9.748  ;
; A[0]       ; SG          ; 9.775  ; 9.564  ; 9.986  ; 9.775  ;
; A[0]       ; flag_N      ; 7.548  ; 7.460  ; 7.759  ; 7.705  ;
; A[0]       ; flag_Z      ; 10.197 ; 10.524 ; 10.442 ; 10.735 ;
; A[1]       ; SA          ; 9.564  ; 9.412  ; 9.849  ; 9.697  ;
; A[1]       ; SB          ; 9.555  ; 9.411  ; 9.840  ; 9.696  ;
; A[1]       ; SC          ; 10.083 ; 9.878  ; 10.368 ; 10.163 ;
; A[1]       ; SD          ; 10.052 ; 9.836  ; 10.337 ; 10.121 ;
; A[1]       ; SE          ; 9.748  ; 10.086 ; 10.067 ; 10.371 ;
; A[1]       ; SF          ; 10.036 ; 9.827  ; 10.321 ; 10.112 ;
; A[1]       ; SG          ; 10.065 ; 9.854  ; 10.350 ; 10.139 ;
; A[1]       ; flag_N      ; 7.838  ; 7.750  ; 8.123  ; 8.069  ;
; A[1]       ; flag_Z      ; 10.487 ; 10.814 ; 10.806 ; 11.099 ;
; A[2]       ; SA          ; 9.049  ; 8.896  ; 9.295  ; 9.142  ;
; A[2]       ; SB          ; 9.040  ; 8.880  ; 9.286  ; 9.130  ;
; A[2]       ; SC          ; 9.569  ; 9.363  ; 9.815  ; 9.609  ;
; A[2]       ; SD          ; 9.539  ; 9.322  ; 9.785  ; 9.568  ;
; A[2]       ; SE          ; 9.369  ; 9.575  ; 9.615  ; 9.821  ;
; A[2]       ; SF          ; 9.521  ; 9.311  ; 9.767  ; 9.557  ;
; A[2]       ; SG          ; 9.553  ; 9.339  ; 9.799  ; 9.585  ;
; A[2]       ; flag_N      ; 7.307  ; 7.219  ; 7.557  ; 7.503  ;
; A[2]       ; flag_Z      ; 10.060 ; 10.306 ; 10.331 ; 10.552 ;
; A[3]       ; SA          ; 8.518  ; 8.366  ; 8.797  ; 8.645  ;
; A[3]       ; SB          ; 8.509  ; 8.365  ; 8.788  ; 8.644  ;
; A[3]       ; SC          ; 9.037  ; 8.832  ; 9.316  ; 9.111  ;
; A[3]       ; SD          ; 9.006  ; 8.790  ; 9.285  ; 9.069  ;
; A[3]       ; SE          ; 8.703  ; 9.040  ; 8.982  ; 9.319  ;
; A[3]       ; SF          ; 8.990  ; 8.781  ; 9.269  ; 9.060  ;
; A[3]       ; SG          ; 9.019  ; 8.808  ; 9.298  ; 9.087  ;
; A[3]       ; flag_N      ; 6.792  ; 6.705  ; 7.071  ; 6.984  ;
; A[3]       ; flag_Z      ; 9.442  ; 9.768  ; 9.721  ; 10.047 ;
; B[0]       ; SA          ; 9.426  ; 9.274  ; 9.676  ; 9.524  ;
; B[0]       ; SB          ; 9.417  ; 9.273  ; 9.667  ; 9.523  ;
; B[0]       ; SC          ; 9.945  ; 9.740  ; 10.195 ; 9.990  ;
; B[0]       ; SD          ; 9.914  ; 9.698  ; 10.164 ; 9.948  ;
; B[0]       ; SE          ; 9.610  ; 9.948  ; 9.894  ; 10.198 ;
; B[0]       ; SF          ; 9.898  ; 9.689  ; 10.148 ; 9.939  ;
; B[0]       ; SG          ; 9.927  ; 9.716  ; 10.177 ; 9.966  ;
; B[0]       ; flag_N      ; 7.700  ; 7.612  ; 7.950  ; 7.896  ;
; B[0]       ; flag_Z      ; 10.349 ; 10.676 ; 10.633 ; 10.926 ;
; B[1]       ; SA          ; 9.527  ; 9.375  ; 9.794  ; 9.642  ;
; B[1]       ; SB          ; 9.518  ; 9.374  ; 9.785  ; 9.641  ;
; B[1]       ; SC          ; 10.046 ; 9.841  ; 10.313 ; 10.108 ;
; B[1]       ; SD          ; 10.015 ; 9.799  ; 10.282 ; 10.066 ;
; B[1]       ; SE          ; 9.711  ; 10.049 ; 10.012 ; 10.316 ;
; B[1]       ; SF          ; 9.999  ; 9.790  ; 10.266 ; 10.057 ;
; B[1]       ; SG          ; 10.028 ; 9.817  ; 10.295 ; 10.084 ;
; B[1]       ; flag_N      ; 7.801  ; 7.713  ; 8.068  ; 8.014  ;
; B[1]       ; flag_Z      ; 10.450 ; 10.777 ; 10.751 ; 11.044 ;
; B[2]       ; SA          ; 9.215  ; 9.062  ; 9.467  ; 9.314  ;
; B[2]       ; SB          ; 9.206  ; 9.033  ; 9.458  ; 9.285  ;
; B[2]       ; SC          ; 9.735  ; 9.529  ; 9.987  ; 9.781  ;
; B[2]       ; SD          ; 9.705  ; 9.488  ; 9.957  ; 9.740  ;
; B[2]       ; SE          ; 9.535  ; 9.741  ; 9.787  ; 9.993  ;
; B[2]       ; SF          ; 9.687  ; 9.477  ; 9.939  ; 9.729  ;
; B[2]       ; SG          ; 9.719  ; 9.505  ; 9.971  ; 9.757  ;
; B[2]       ; flag_N      ; 7.460  ; 7.372  ; 7.712  ; 7.658  ;
; B[2]       ; flag_Z      ; 10.231 ; 10.472 ; 10.503 ; 10.724 ;
; B[3]       ; SA          ; 8.969  ; 8.817  ; 9.263  ; 9.111  ;
; B[3]       ; SB          ; 8.960  ; 8.816  ; 9.254  ; 9.110  ;
; B[3]       ; SC          ; 9.488  ; 9.283  ; 9.782  ; 9.577  ;
; B[3]       ; SD          ; 9.457  ; 9.241  ; 9.751  ; 9.535  ;
; B[3]       ; SE          ; 9.154  ; 9.491  ; 9.443  ; 9.785  ;
; B[3]       ; SF          ; 9.441  ; 9.232  ; 9.735  ; 9.526  ;
; B[3]       ; SG          ; 9.470  ; 9.259  ; 9.764  ; 9.553  ;
; B[3]       ; flag_N      ; 7.243  ; 7.156  ; 7.537  ; 7.445  ;
; B[3]       ; flag_Z      ; 9.893  ; 10.219 ; 10.182 ; 10.513 ;
; op[0]      ; SA          ; 9.011  ; 8.966  ; 9.319  ; 9.274  ;
; op[0]      ; SB          ; 9.063  ; 8.960  ; 9.371  ; 9.268  ;
; op[0]      ; SC          ; 9.608  ; 9.298  ; 9.916  ; 9.574  ;
; op[0]      ; SD          ; 9.540  ; 9.391  ; 9.848  ; 9.699  ;
; op[0]      ; SE          ; 9.265  ; 9.601  ; 9.541  ; 9.909  ;
; op[0]      ; SF          ; 9.560  ; 9.334  ; 9.868  ; 9.642  ;
; op[0]      ; SG          ; 9.558  ; 9.414  ; 9.866  ; 9.722  ;
; op[0]      ; flag_N      ; 7.135  ; 7.043  ; 7.446  ; 7.354  ;
; op[0]      ; flag_Z      ; 10.040 ; 10.343 ; 10.316 ; 10.651 ;
; op[1]      ; SA          ; 9.593  ; 9.510  ; 9.904  ; 9.859  ;
; op[1]      ; SB          ; 9.607  ; 9.504  ; 9.956  ; 9.853  ;
; op[1]      ; SC          ; 10.152 ; 9.916  ; 10.501 ; 10.115 ;
; op[1]      ; SD          ; 10.084 ; 9.935  ; 10.433 ; 10.284 ;
; op[1]      ; SE          ; 9.883  ; 10.145 ; 10.082 ; 10.494 ;
; op[1]      ; SF          ; 10.104 ; 9.878  ; 10.453 ; 10.227 ;
; op[1]      ; SG          ; 10.102 ; 9.958  ; 10.451 ; 10.307 ;
; op[1]      ; flag_N      ; 7.454  ; 7.367  ; 7.743  ; 7.651  ;
; op[1]      ; flag_Z      ; 10.658 ; 10.887 ; 10.857 ; 11.236 ;
+------------+-------------+--------+--------+--------+--------+


+-------------------------------------------------------------+
; Minimum Propagation Delay                                   ;
+------------+-------------+-------+--------+--------+--------+
; Input Port ; Output Port ; RR    ; RF     ; FR     ; FF     ;
+------------+-------------+-------+--------+--------+--------+
; A[0]       ; SA          ; 8.118 ; 7.927  ; 8.354  ; 8.163  ;
; A[0]       ; SB          ; 8.071 ; 7.952  ; 8.307  ; 8.188  ;
; A[0]       ; SC          ; 8.584 ; 8.586  ; 8.820  ; 8.827  ;
; A[0]       ; SD          ; 8.578 ; 8.353  ; 8.814  ; 8.589  ;
; A[0]       ; SE          ; 8.590 ; 8.579  ; 8.831  ; 8.815  ;
; A[0]       ; SF          ; 8.722 ; 8.329  ; 8.963  ; 8.565  ;
; A[0]       ; SG          ; 8.566 ; 8.416  ; 8.802  ; 8.652  ;
; A[0]       ; flag_N      ; 7.376 ; 7.292  ; 7.576  ; 7.523  ;
; A[0]       ; flag_Z      ; 9.166 ; 9.526  ; 9.402  ; 9.767  ;
; A[1]       ; SA          ; 8.612 ; 8.462  ; 8.880  ; 8.730  ;
; A[1]       ; SB          ; 8.635 ; 8.459  ; 8.903  ; 8.727  ;
; A[1]       ; SC          ; 9.227 ; 8.920  ; 9.495  ; 9.188  ;
; A[1]       ; SD          ; 9.098 ; 8.852  ; 9.366  ; 9.120  ;
; A[1]       ; SE          ; 8.920 ; 9.231  ; 9.188  ; 9.499  ;
; A[1]       ; SF          ; 9.073 ; 8.909  ; 9.341  ; 9.177  ;
; A[1]       ; SG          ; 9.078 ; 8.934  ; 9.346  ; 9.202  ;
; A[1]       ; flag_N      ; 7.602 ; 7.518  ; 7.839  ; 7.786  ;
; A[1]       ; flag_Z      ; 9.688 ; 10.011 ; 9.956  ; 10.279 ;
; A[2]       ; SA          ; 8.634 ; 8.515  ; 8.894  ; 8.777  ;
; A[2]       ; SB          ; 8.660 ; 8.514  ; 8.932  ; 8.775  ;
; A[2]       ; SC          ; 9.144 ; 8.966  ; 9.404  ; 9.235  ;
; A[2]       ; SD          ; 9.104 ; 8.922  ; 9.364  ; 9.186  ;
; A[2]       ; SE          ; 8.965 ; 9.142  ; 9.235  ; 9.402  ;
; A[2]       ; SF          ; 9.095 ; 8.917  ; 9.355  ; 9.183  ;
; A[2]       ; SG          ; 9.122 ; 8.942  ; 9.382  ; 9.207  ;
; A[2]       ; flag_N      ; 7.141 ; 7.057  ; 7.382  ; 7.329  ;
; A[2]       ; flag_Z      ; 9.684 ; 9.951  ; 9.956  ; 10.180 ;
; A[3]       ; SA          ; 8.161 ; 8.007  ; 8.422  ; 8.268  ;
; A[3]       ; SB          ; 8.152 ; 8.006  ; 8.413  ; 8.267  ;
; A[3]       ; SC          ; 8.664 ; 8.458  ; 8.925  ; 8.719  ;
; A[3]       ; SD          ; 8.629 ; 8.414  ; 8.890  ; 8.675  ;
; A[3]       ; SE          ; 8.457 ; 8.789  ; 8.718  ; 9.050  ;
; A[3]       ; SF          ; 8.618 ; 8.409  ; 8.879  ; 8.670  ;
; A[3]       ; SG          ; 8.645 ; 8.434  ; 8.906  ; 8.695  ;
; A[3]       ; flag_N      ; 6.639 ; 6.549  ; 6.900  ; 6.810  ;
; A[3]       ; flag_Z      ; 9.176 ; 9.497  ; 9.437  ; 9.758  ;
; B[0]       ; SA          ; 8.262 ; 8.071  ; 8.533  ; 8.342  ;
; B[0]       ; SB          ; 8.215 ; 8.096  ; 8.486  ; 8.367  ;
; B[0]       ; SC          ; 8.728 ; 8.727  ; 8.999  ; 8.969  ;
; B[0]       ; SD          ; 8.722 ; 8.497  ; 8.993  ; 8.768  ;
; B[0]       ; SE          ; 8.731 ; 8.723  ; 8.973  ; 8.994  ;
; B[0]       ; SF          ; 8.863 ; 8.473  ; 9.105  ; 8.744  ;
; B[0]       ; SG          ; 8.710 ; 8.560  ; 8.981  ; 8.831  ;
; B[0]       ; flag_N      ; 7.521 ; 7.437  ; 7.760  ; 7.707  ;
; B[0]       ; flag_Z      ; 9.310 ; 9.667  ; 9.581  ; 9.909  ;
; B[1]       ; SA          ; 8.711 ; 8.561  ; 8.952  ; 8.802  ;
; B[1]       ; SB          ; 8.734 ; 8.558  ; 8.975  ; 8.799  ;
; B[1]       ; SC          ; 9.326 ; 9.019  ; 9.562  ; 9.260  ;
; B[1]       ; SD          ; 9.197 ; 8.951  ; 9.438  ; 9.192  ;
; B[1]       ; SE          ; 9.019 ; 9.330  ; 9.260  ; 9.566  ;
; B[1]       ; SF          ; 9.172 ; 9.008  ; 9.413  ; 9.249  ;
; B[1]       ; SG          ; 9.177 ; 9.033  ; 9.418  ; 9.274  ;
; B[1]       ; flag_N      ; 7.568 ; 7.484  ; 7.786  ; 7.733  ;
; B[1]       ; flag_Z      ; 9.787 ; 10.110 ; 10.028 ; 10.346 ;
; B[2]       ; SA          ; 8.759 ; 8.605  ; 8.973  ; 8.856  ;
; B[2]       ; SB          ; 8.750 ; 8.604  ; 9.020  ; 8.854  ;
; B[2]       ; SC          ; 9.262 ; 9.056  ; 9.483  ; 9.314  ;
; B[2]       ; SD          ; 9.227 ; 9.012  ; 9.443  ; 9.265  ;
; B[2]       ; SE          ; 9.055 ; 9.307  ; 9.314  ; 9.481  ;
; B[2]       ; SF          ; 9.216 ; 9.007  ; 9.434  ; 9.262  ;
; B[2]       ; SG          ; 9.243 ; 9.032  ; 9.461  ; 9.286  ;
; B[2]       ; flag_N      ; 7.231 ; 7.147  ; 7.470  ; 7.417  ;
; B[2]       ; flag_Z      ; 9.774 ; 10.063 ; 10.036 ; 10.328 ;
; B[3]       ; SA          ; 8.594 ; 8.440  ; 8.869  ; 8.715  ;
; B[3]       ; SB          ; 8.585 ; 8.439  ; 8.860  ; 8.714  ;
; B[3]       ; SC          ; 9.097 ; 8.891  ; 9.372  ; 9.166  ;
; B[3]       ; SD          ; 9.062 ; 8.847  ; 9.337  ; 9.122  ;
; B[3]       ; SE          ; 8.890 ; 9.222  ; 9.165  ; 9.492  ;
; B[3]       ; SF          ; 9.051 ; 8.842  ; 9.326  ; 9.117  ;
; B[3]       ; SG          ; 9.078 ; 8.867  ; 9.353  ; 9.142  ;
; B[3]       ; flag_N      ; 7.072 ; 6.982  ; 7.342  ; 7.257  ;
; B[3]       ; flag_Z      ; 9.609 ; 9.930  ; 9.884  ; 10.200 ;
; op[0]      ; SA          ; 8.085 ; 7.968  ; 8.363  ; 8.215  ;
; op[0]      ; SB          ; 8.115 ; 7.966  ; 8.359  ; 8.240  ;
; op[0]      ; SC          ; 8.595 ; 8.426  ; 8.872  ; 8.704  ;
; op[0]      ; SD          ; 8.555 ; 8.377  ; 8.833  ; 8.641  ;
; op[0]      ; SE          ; 8.426 ; 8.593  ; 8.704  ; 8.867  ;
; op[0]      ; SF          ; 8.546 ; 8.373  ; 8.824  ; 8.617  ;
; op[0]      ; SG          ; 8.573 ; 8.398  ; 8.851  ; 8.676  ;
; op[0]      ; flag_N      ; 6.616 ; 6.585  ; 6.923  ; 6.796  ;
; op[0]      ; flag_Z      ; 9.148 ; 9.370  ; 9.423  ; 9.659  ;
; op[1]      ; SA          ; 8.122 ; 8.005  ; 8.366  ; 8.249  ;
; op[1]      ; SB          ; 8.217 ; 8.003  ; 8.466  ; 8.247  ;
; op[1]      ; SC          ; 8.632 ; 8.463  ; 8.876  ; 8.707  ;
; op[1]      ; SD          ; 8.592 ; 8.414  ; 8.836  ; 8.658  ;
; op[1]      ; SE          ; 8.463 ; 8.630  ; 8.707  ; 8.874  ;
; op[1]      ; SF          ; 8.583 ; 8.411  ; 8.827  ; 8.655  ;
; op[1]      ; SG          ; 8.610 ; 8.435  ; 8.854  ; 8.679  ;
; op[1]      ; flag_N      ; 6.935 ; 6.911  ; 7.207  ; 7.080  ;
; op[1]      ; flag_Z      ; 9.185 ; 9.443  ; 9.429  ; 9.692  ;
+------------+-------------+-------+--------+--------+--------+


---------------------------------------------
; Slow 1200mV 0C Model Metastability Report ;
---------------------------------------------
No synchronizer chains to report.


--------------------------------------
; Fast 1200mV 0C Model Setup Summary ;
--------------------------------------
No paths to report.


-------------------------------------
; Fast 1200mV 0C Model Hold Summary ;
-------------------------------------
No paths to report.


-----------------------------------------
; Fast 1200mV 0C Model Recovery Summary ;
-----------------------------------------
No paths to report.


----------------------------------------
; Fast 1200mV 0C Model Removal Summary ;
----------------------------------------
No paths to report.


----------------------------------------------------
; Fast 1200mV 0C Model Minimum Pulse Width Summary ;
----------------------------------------------------
No paths to report.


+----------------------------------------------------------+
; Propagation Delay                                        ;
+------------+-------------+-------+-------+-------+-------+
; Input Port ; Output Port ; RR    ; RF    ; FR    ; FF    ;
+------------+-------------+-------+-------+-------+-------+
; A[0]       ; SA          ; 5.190 ; 5.207 ; 5.788 ; 5.805 ;
; A[0]       ; SB          ; 5.190 ; 5.208 ; 5.788 ; 5.806 ;
; A[0]       ; SC          ; 5.460 ; 5.497 ; 6.058 ; 6.095 ;
; A[0]       ; SD          ; 5.441 ; 5.475 ; 6.039 ; 6.073 ;
; A[0]       ; SE          ; 5.503 ; 5.306 ; 6.101 ; 5.885 ;
; A[0]       ; SF          ; 5.433 ; 5.470 ; 6.031 ; 6.068 ;
; A[0]       ; SG          ; 5.448 ; 5.486 ; 6.046 ; 6.084 ;
; A[0]       ; flag_N      ; 4.263 ; 4.277 ; 4.842 ; 4.875 ;
; A[0]       ; flag_Z      ; 5.991 ; 5.769 ; 6.589 ; 6.348 ;
; A[1]       ; SA          ; 5.350 ; 5.367 ; 5.980 ; 5.997 ;
; A[1]       ; SB          ; 5.350 ; 5.368 ; 5.980 ; 5.998 ;
; A[1]       ; SC          ; 5.620 ; 5.657 ; 6.250 ; 6.287 ;
; A[1]       ; SD          ; 5.601 ; 5.635 ; 6.231 ; 6.265 ;
; A[1]       ; SE          ; 5.663 ; 5.466 ; 6.293 ; 6.077 ;
; A[1]       ; SF          ; 5.593 ; 5.630 ; 6.223 ; 6.260 ;
; A[1]       ; SG          ; 5.608 ; 5.646 ; 6.238 ; 6.276 ;
; A[1]       ; flag_N      ; 4.423 ; 4.437 ; 5.034 ; 5.067 ;
; A[1]       ; flag_Z      ; 6.151 ; 5.929 ; 6.781 ; 6.540 ;
; A[2]       ; SA          ; 5.093 ; 5.132 ; 5.667 ; 5.696 ;
; A[2]       ; SB          ; 5.078 ; 5.134 ; 5.667 ; 5.698 ;
; A[2]       ; SC          ; 5.374 ; 5.433 ; 5.938 ; 5.997 ;
; A[2]       ; SD          ; 5.347 ; 5.403 ; 5.918 ; 5.967 ;
; A[2]       ; SE          ; 5.436 ; 5.372 ; 6.000 ; 5.936 ;
; A[2]       ; SF          ; 5.337 ; 5.396 ; 5.910 ; 5.960 ;
; A[2]       ; SG          ; 5.352 ; 5.412 ; 5.925 ; 5.976 ;
; A[2]       ; flag_N      ; 4.151 ; 4.165 ; 4.721 ; 4.754 ;
; A[2]       ; flag_Z      ; 5.929 ; 5.689 ; 6.493 ; 6.253 ;
; A[3]       ; SA          ; 4.822 ; 4.839 ; 5.362 ; 5.379 ;
; A[3]       ; SB          ; 4.822 ; 4.840 ; 5.362 ; 5.380 ;
; A[3]       ; SC          ; 5.092 ; 5.129 ; 5.632 ; 5.669 ;
; A[3]       ; SD          ; 5.073 ; 5.107 ; 5.613 ; 5.647 ;
; A[3]       ; SE          ; 5.135 ; 4.942 ; 5.675 ; 5.482 ;
; A[3]       ; SF          ; 5.065 ; 5.102 ; 5.605 ; 5.642 ;
; A[3]       ; SG          ; 5.080 ; 5.118 ; 5.620 ; 5.658 ;
; A[3]       ; flag_N      ; 3.899 ; 3.909 ; 4.439 ; 4.449 ;
; A[3]       ; flag_Z      ; 5.623 ; 5.405 ; 6.163 ; 5.945 ;
; B[0]       ; SA          ; 5.278 ; 5.295 ; 5.892 ; 5.909 ;
; B[0]       ; SB          ; 5.278 ; 5.296 ; 5.892 ; 5.910 ;
; B[0]       ; SC          ; 5.548 ; 5.585 ; 6.162 ; 6.199 ;
; B[0]       ; SD          ; 5.529 ; 5.563 ; 6.143 ; 6.177 ;
; B[0]       ; SE          ; 5.591 ; 5.394 ; 6.205 ; 5.989 ;
; B[0]       ; SF          ; 5.521 ; 5.558 ; 6.135 ; 6.172 ;
; B[0]       ; SG          ; 5.536 ; 5.574 ; 6.150 ; 6.188 ;
; B[0]       ; flag_N      ; 4.351 ; 4.365 ; 4.946 ; 4.979 ;
; B[0]       ; flag_Z      ; 6.079 ; 5.857 ; 6.693 ; 6.452 ;
; B[1]       ; SA          ; 5.328 ; 5.345 ; 5.954 ; 5.971 ;
; B[1]       ; SB          ; 5.328 ; 5.346 ; 5.954 ; 5.972 ;
; B[1]       ; SC          ; 5.598 ; 5.635 ; 6.224 ; 6.261 ;
; B[1]       ; SD          ; 5.579 ; 5.613 ; 6.205 ; 6.239 ;
; B[1]       ; SE          ; 5.641 ; 5.444 ; 6.267 ; 6.051 ;
; B[1]       ; SF          ; 5.571 ; 5.608 ; 6.197 ; 6.234 ;
; B[1]       ; SG          ; 5.586 ; 5.624 ; 6.212 ; 6.250 ;
; B[1]       ; flag_N      ; 4.401 ; 4.415 ; 5.008 ; 5.041 ;
; B[1]       ; flag_Z      ; 6.129 ; 5.907 ; 6.755 ; 6.514 ;
; B[2]       ; SA          ; 5.169 ; 5.208 ; 5.758 ; 5.797 ;
; B[2]       ; SB          ; 5.151 ; 5.210 ; 5.758 ; 5.799 ;
; B[2]       ; SC          ; 5.450 ; 5.509 ; 6.039 ; 6.098 ;
; B[2]       ; SD          ; 5.423 ; 5.479 ; 6.012 ; 6.068 ;
; B[2]       ; SE          ; 5.512 ; 5.448 ; 6.101 ; 6.037 ;
; B[2]       ; SF          ; 5.413 ; 5.472 ; 6.002 ; 6.061 ;
; B[2]       ; SG          ; 5.428 ; 5.488 ; 6.017 ; 6.077 ;
; B[2]       ; flag_N      ; 4.224 ; 4.238 ; 4.812 ; 4.845 ;
; B[2]       ; flag_Z      ; 6.005 ; 5.765 ; 6.594 ; 6.354 ;
; B[3]       ; SA          ; 5.074 ; 5.091 ; 5.641 ; 5.658 ;
; B[3]       ; SB          ; 5.074 ; 5.092 ; 5.641 ; 5.659 ;
; B[3]       ; SC          ; 5.344 ; 5.381 ; 5.911 ; 5.948 ;
; B[3]       ; SD          ; 5.325 ; 5.359 ; 5.892 ; 5.926 ;
; B[3]       ; SE          ; 5.387 ; 5.194 ; 5.954 ; 5.761 ;
; B[3]       ; SF          ; 5.317 ; 5.354 ; 5.884 ; 5.921 ;
; B[3]       ; SG          ; 5.332 ; 5.370 ; 5.899 ; 5.937 ;
; B[3]       ; flag_N      ; 4.151 ; 4.161 ; 4.718 ; 4.728 ;
; B[3]       ; flag_Z      ; 5.875 ; 5.657 ; 6.442 ; 6.224 ;
; op[0]      ; SA          ; 5.092 ; 5.078 ; 5.671 ; 5.657 ;
; op[0]      ; SB          ; 5.085 ; 5.086 ; 5.664 ; 5.665 ;
; op[0]      ; SC          ; 5.265 ; 5.401 ; 5.853 ; 5.980 ;
; op[0]      ; SD          ; 5.348 ; 5.371 ; 5.927 ; 5.950 ;
; op[0]      ; SE          ; 5.389 ; 5.202 ; 5.968 ; 5.783 ;
; op[0]      ; SF          ; 5.310 ; 5.363 ; 5.889 ; 5.942 ;
; op[0]      ; SG          ; 5.352 ; 5.379 ; 5.931 ; 5.958 ;
; op[0]      ; flag_N      ; 4.072 ; 4.082 ; 4.660 ; 4.670 ;
; op[0]      ; flag_Z      ; 5.897 ; 5.663 ; 6.476 ; 6.255 ;
; op[1]      ; SA          ; 5.436 ; 5.422 ; 6.023 ; 6.009 ;
; op[1]      ; SB          ; 5.429 ; 5.430 ; 6.016 ; 6.017 ;
; op[1]      ; SC          ; 5.533 ; 5.745 ; 6.164 ; 6.332 ;
; op[1]      ; SD          ; 5.692 ; 5.715 ; 6.279 ; 6.302 ;
; op[1]      ; SE          ; 5.733 ; 5.531 ; 6.320 ; 6.158 ;
; op[1]      ; SF          ; 5.654 ; 5.707 ; 6.241 ; 6.294 ;
; op[1]      ; SG          ; 5.696 ; 5.723 ; 6.283 ; 6.310 ;
; op[1]      ; flag_N      ; 4.267 ; 4.277 ; 4.873 ; 4.883 ;
; op[1]      ; flag_Z      ; 6.241 ; 5.962 ; 6.828 ; 6.630 ;
+------------+-------------+-------+-------+-------+-------+


+----------------------------------------------------------+
; Minimum Propagation Delay                                ;
+------------+-------------+-------+-------+-------+-------+
; Input Port ; Output Port ; RR    ; RF    ; FR    ; FF    ;
+------------+-------------+-------+-------+-------+-------+
; A[0]       ; SA          ; 4.508 ; 4.560 ; 5.068 ; 5.120 ;
; A[0]       ; SB          ; 4.509 ; 4.541 ; 5.069 ; 5.101 ;
; A[0]       ; SC          ; 4.883 ; 4.820 ; 5.436 ; 5.380 ;
; A[0]       ; SD          ; 4.751 ; 4.807 ; 5.311 ; 5.367 ;
; A[0]       ; SE          ; 4.825 ; 4.883 ; 5.385 ; 5.436 ;
; A[0]       ; SF          ; 4.749 ; 4.888 ; 5.309 ; 5.441 ;
; A[0]       ; SG          ; 4.778 ; 4.808 ; 5.338 ; 5.368 ;
; A[0]       ; flag_N      ; 4.162 ; 4.174 ; 4.736 ; 4.767 ;
; A[0]       ; flag_Z      ; 5.431 ; 5.257 ; 5.984 ; 5.817 ;
; A[1]       ; SA          ; 4.726 ; 4.772 ; 5.288 ; 5.334 ;
; A[1]       ; SB          ; 4.728 ; 4.795 ; 5.290 ; 5.357 ;
; A[1]       ; SC          ; 4.996 ; 5.179 ; 5.558 ; 5.762 ;
; A[1]       ; SD          ; 4.972 ; 5.037 ; 5.534 ; 5.599 ;
; A[1]       ; SE          ; 5.187 ; 4.997 ; 5.770 ; 5.559 ;
; A[1]       ; SF          ; 4.984 ; 5.027 ; 5.546 ; 5.589 ;
; A[1]       ; SG          ; 5.000 ; 5.027 ; 5.562 ; 5.589 ;
; A[1]       ; flag_N      ; 4.287 ; 4.299 ; 4.870 ; 4.901 ;
; A[1]       ; flag_Z      ; 5.710 ; 5.486 ; 6.272 ; 6.048 ;
; A[2]       ; SA          ; 4.756 ; 4.775 ; 5.297 ; 5.316 ;
; A[2]       ; SB          ; 4.757 ; 4.812 ; 5.298 ; 5.375 ;
; A[2]       ; SC          ; 5.023 ; 5.061 ; 5.564 ; 5.602 ;
; A[2]       ; SD          ; 4.999 ; 5.034 ; 5.540 ; 5.575 ;
; A[2]       ; SE          ; 5.069 ; 5.026 ; 5.610 ; 5.567 ;
; A[2]       ; SF          ; 4.991 ; 5.029 ; 5.532 ; 5.570 ;
; A[2]       ; SG          ; 5.006 ; 5.044 ; 5.547 ; 5.585 ;
; A[2]       ; flag_N      ; 4.055 ; 4.067 ; 4.618 ; 4.649 ;
; A[2]       ; flag_Z      ; 5.711 ; 5.478 ; 6.260 ; 6.019 ;
; A[3]       ; SA          ; 4.526 ; 4.550 ; 5.068 ; 5.092 ;
; A[3]       ; SB          ; 4.528 ; 4.552 ; 5.070 ; 5.094 ;
; A[3]       ; SC          ; 4.788 ; 4.831 ; 5.330 ; 5.373 ;
; A[3]       ; SD          ; 4.769 ; 4.809 ; 5.311 ; 5.351 ;
; A[3]       ; SE          ; 4.983 ; 4.789 ; 5.525 ; 5.331 ;
; A[3]       ; SF          ; 4.761 ; 4.804 ; 5.303 ; 5.346 ;
; A[3]       ; SG          ; 4.776 ; 4.819 ; 5.318 ; 5.361 ;
; A[3]       ; flag_N      ; 3.795 ; 3.811 ; 4.337 ; 4.353 ;
; A[3]       ; flag_Z      ; 5.458 ; 5.241 ; 6.000 ; 5.783 ;
; B[0]       ; SA          ; 4.589 ; 4.641 ; 5.140 ; 5.192 ;
; B[0]       ; SB          ; 4.590 ; 4.622 ; 5.141 ; 5.173 ;
; B[0]       ; SC          ; 4.908 ; 4.901 ; 5.459 ; 5.452 ;
; B[0]       ; SD          ; 4.832 ; 4.888 ; 5.383 ; 5.439 ;
; B[0]       ; SE          ; 4.906 ; 4.909 ; 5.457 ; 5.460 ;
; B[0]       ; SF          ; 4.830 ; 4.939 ; 5.381 ; 5.490 ;
; B[0]       ; SG          ; 4.859 ; 4.889 ; 5.410 ; 5.440 ;
; B[0]       ; flag_N      ; 4.247 ; 4.259 ; 4.835 ; 4.866 ;
; B[0]       ; flag_Z      ; 5.508 ; 5.338 ; 6.078 ; 5.889 ;
; B[1]       ; SA          ; 4.771 ; 4.817 ; 5.312 ; 5.358 ;
; B[1]       ; SB          ; 4.773 ; 4.840 ; 5.314 ; 5.381 ;
; B[1]       ; SC          ; 5.041 ; 5.158 ; 5.582 ; 5.741 ;
; B[1]       ; SD          ; 5.017 ; 5.082 ; 5.558 ; 5.623 ;
; B[1]       ; SE          ; 5.166 ; 5.042 ; 5.749 ; 5.583 ;
; B[1]       ; SF          ; 5.029 ; 5.072 ; 5.570 ; 5.613 ;
; B[1]       ; SG          ; 5.045 ; 5.072 ; 5.586 ; 5.613 ;
; B[1]       ; flag_N      ; 4.266 ; 4.278 ; 4.849 ; 4.880 ;
; B[1]       ; flag_Z      ; 5.755 ; 5.531 ; 6.296 ; 6.072 ;
; B[2]       ; SA          ; 4.808 ; 4.827 ; 5.396 ; 5.415 ;
; B[2]       ; SB          ; 4.809 ; 4.853 ; 5.397 ; 5.430 ;
; B[2]       ; SC          ; 5.075 ; 5.113 ; 5.663 ; 5.701 ;
; B[2]       ; SD          ; 5.051 ; 5.086 ; 5.639 ; 5.674 ;
; B[2]       ; SE          ; 5.121 ; 5.078 ; 5.709 ; 5.666 ;
; B[2]       ; SF          ; 5.043 ; 5.081 ; 5.631 ; 5.669 ;
; B[2]       ; SG          ; 5.058 ; 5.096 ; 5.646 ; 5.684 ;
; B[2]       ; flag_N      ; 4.096 ; 4.108 ; 4.673 ; 4.704 ;
; B[2]       ; flag_Z      ; 5.755 ; 5.530 ; 6.323 ; 6.118 ;
; B[3]       ; SA          ; 4.771 ; 4.795 ; 5.314 ; 5.338 ;
; B[3]       ; SB          ; 4.773 ; 4.797 ; 5.316 ; 5.340 ;
; B[3]       ; SC          ; 5.033 ; 5.076 ; 5.576 ; 5.619 ;
; B[3]       ; SD          ; 5.014 ; 5.054 ; 5.557 ; 5.597 ;
; B[3]       ; SE          ; 5.228 ; 5.034 ; 5.771 ; 5.577 ;
; B[3]       ; SF          ; 5.006 ; 5.049 ; 5.549 ; 5.592 ;
; B[3]       ; SG          ; 5.021 ; 5.064 ; 5.564 ; 5.607 ;
; B[3]       ; flag_N      ; 4.040 ; 4.056 ; 4.583 ; 4.599 ;
; B[3]       ; flag_Z      ; 5.703 ; 5.486 ; 6.246 ; 6.029 ;
; op[0]      ; SA          ; 4.469 ; 4.488 ; 5.043 ; 5.062 ;
; op[0]      ; SB          ; 4.470 ; 4.550 ; 5.044 ; 5.121 ;
; op[0]      ; SC          ; 4.736 ; 4.774 ; 5.310 ; 5.348 ;
; op[0]      ; SD          ; 4.712 ; 4.747 ; 5.286 ; 5.321 ;
; op[0]      ; SE          ; 4.782 ; 4.739 ; 5.356 ; 5.313 ;
; op[0]      ; SF          ; 4.704 ; 4.742 ; 5.278 ; 5.316 ;
; op[0]      ; SG          ; 4.719 ; 4.757 ; 5.293 ; 5.331 ;
; op[0]      ; flag_N      ; 3.793 ; 3.827 ; 4.381 ; 4.364 ;
; op[0]      ; flag_Z      ; 5.408 ; 5.191 ; 5.980 ; 5.765 ;
; op[1]      ; SA          ; 4.525 ; 4.544 ; 5.097 ; 5.116 ;
; op[1]      ; SB          ; 4.526 ; 4.689 ; 5.098 ; 5.254 ;
; op[1]      ; SC          ; 4.792 ; 4.830 ; 5.364 ; 5.402 ;
; op[1]      ; SD          ; 4.768 ; 4.803 ; 5.340 ; 5.375 ;
; op[1]      ; SE          ; 4.838 ; 4.795 ; 5.410 ; 5.367 ;
; op[1]      ; SF          ; 4.760 ; 4.798 ; 5.332 ; 5.370 ;
; op[1]      ; SG          ; 4.775 ; 4.813 ; 5.347 ; 5.385 ;
; op[1]      ; flag_N      ; 3.982 ; 4.019 ; 4.578 ; 4.561 ;
; op[1]      ; flag_Z      ; 5.460 ; 5.247 ; 6.025 ; 5.819 ;
+------------+-------------+-------+-------+-------+-------+


---------------------------------------------
; Fast 1200mV 0C Model Metastability Report ;
---------------------------------------------
No synchronizer chains to report.


+----------------------------------------------------------------------------+
; Multicorner Timing Analysis Summary                                        ;
+------------------+-------+------+----------+---------+---------------------+
; Clock            ; Setup ; Hold ; Recovery ; Removal ; Minimum Pulse Width ;
+------------------+-------+------+----------+---------+---------------------+
; Worst-case Slack ; N/A   ; N/A  ; N/A      ; N/A     ; N/A                 ;
; Design-wide TNS  ; 0.0   ; 0.0  ; 0.0      ; 0.0     ; 0.0                 ;
+------------------+-------+------+----------+---------+---------------------+


+--------------------------------------------------------------+
; Progagation Delay                                            ;
+------------+-------------+--------+--------+--------+--------+
; Input Port ; Output Port ; RR     ; RF     ; FR     ; FF     ;
+------------+-------------+--------+--------+--------+--------+
; A[0]       ; SA          ; 9.919  ; 9.801  ; 10.228 ; 10.110 ;
; A[0]       ; SB          ; 9.913  ; 9.798  ; 10.222 ; 10.107 ;
; A[0]       ; SC          ; 10.480 ; 10.321 ; 10.791 ; 10.630 ;
; A[0]       ; SD          ; 10.442 ; 10.276 ; 10.751 ; 10.585 ;
; A[0]       ; SE          ; 10.272 ; 10.475 ; 10.618 ; 10.784 ;
; A[0]       ; SF          ; 10.421 ; 10.262 ; 10.733 ; 10.571 ;
; A[0]       ; SG          ; 10.453 ; 10.298 ; 10.763 ; 10.607 ;
; A[0]       ; flag_N      ; 8.075  ; 8.008  ; 8.384  ; 8.354  ;
; A[0]       ; flag_Z      ; 11.073 ; 11.233 ; 11.419 ; 11.542 ;
; A[1]       ; SA          ; 10.239 ; 10.121 ; 10.618 ; 10.500 ;
; A[1]       ; SB          ; 10.233 ; 10.118 ; 10.612 ; 10.497 ;
; A[1]       ; SC          ; 10.800 ; 10.641 ; 11.181 ; 11.020 ;
; A[1]       ; SD          ; 10.762 ; 10.596 ; 11.141 ; 10.975 ;
; A[1]       ; SE          ; 10.592 ; 10.795 ; 11.008 ; 11.174 ;
; A[1]       ; SF          ; 10.741 ; 10.582 ; 11.123 ; 10.961 ;
; A[1]       ; SG          ; 10.773 ; 10.618 ; 11.153 ; 10.997 ;
; A[1]       ; flag_N      ; 8.395  ; 8.328  ; 8.774  ; 8.744  ;
; A[1]       ; flag_Z      ; 11.393 ; 11.553 ; 11.809 ; 11.932 ;
; A[2]       ; SA          ; 9.704  ; 9.622  ; 10.055 ; 9.973  ;
; A[2]       ; SB          ; 9.690  ; 9.619  ; 10.033 ; 9.970  ;
; A[2]       ; SC          ; 10.273 ; 10.150 ; 10.624 ; 10.501 ;
; A[2]       ; SD          ; 10.229 ; 10.099 ; 10.580 ; 10.450 ;
; A[2]       ; SE          ; 10.146 ; 10.265 ; 10.497 ; 10.616 ;
; A[2]       ; SF          ; 10.211 ; 10.088 ; 10.562 ; 10.439 ;
; A[2]       ; SG          ; 10.242 ; 10.123 ; 10.593 ; 10.474 ;
; A[2]       ; flag_N      ; 7.818  ; 7.751  ; 8.157  ; 8.127  ;
; A[2]       ; flag_Z      ; 10.950 ; 11.016 ; 11.301 ; 11.359 ;
; A[3]       ; SA          ; 9.105  ; 8.987  ; 9.451  ; 9.333  ;
; A[3]       ; SB          ; 9.099  ; 8.984  ; 9.445  ; 9.330  ;
; A[3]       ; SC          ; 9.666  ; 9.507  ; 10.012 ; 9.853  ;
; A[3]       ; SD          ; 9.628  ; 9.462  ; 9.974  ; 9.808  ;
; A[3]       ; SE          ; 9.457  ; 9.661  ; 9.805  ; 10.007 ;
; A[3]       ; SF          ; 9.607  ; 9.448  ; 9.953  ; 9.794  ;
; A[3]       ; SG          ; 9.639  ; 9.484  ; 9.985  ; 9.830  ;
; A[3]       ; flag_N      ; 7.261  ; 7.193  ; 7.607  ; 7.541  ;
; A[3]       ; flag_Z      ; 10.258 ; 10.419 ; 10.606 ; 10.765 ;
; B[0]       ; SA          ; 10.087 ; 9.969  ; 10.424 ; 10.306 ;
; B[0]       ; SB          ; 10.081 ; 9.966  ; 10.418 ; 10.303 ;
; B[0]       ; SC          ; 10.648 ; 10.489 ; 10.987 ; 10.826 ;
; B[0]       ; SD          ; 10.610 ; 10.444 ; 10.947 ; 10.781 ;
; B[0]       ; SE          ; 10.440 ; 10.643 ; 10.814 ; 10.980 ;
; B[0]       ; SF          ; 10.589 ; 10.430 ; 10.929 ; 10.767 ;
; B[0]       ; SG          ; 10.621 ; 10.466 ; 10.959 ; 10.803 ;
; B[0]       ; flag_N      ; 8.243  ; 8.176  ; 8.580  ; 8.550  ;
; B[0]       ; flag_Z      ; 11.241 ; 11.401 ; 11.615 ; 11.738 ;
; B[1]       ; SA          ; 10.198 ; 10.080 ; 10.574 ; 10.456 ;
; B[1]       ; SB          ; 10.192 ; 10.077 ; 10.568 ; 10.453 ;
; B[1]       ; SC          ; 10.759 ; 10.600 ; 11.137 ; 10.976 ;
; B[1]       ; SD          ; 10.721 ; 10.555 ; 11.097 ; 10.931 ;
; B[1]       ; SE          ; 10.551 ; 10.754 ; 10.964 ; 11.130 ;
; B[1]       ; SF          ; 10.700 ; 10.541 ; 11.079 ; 10.917 ;
; B[1]       ; SG          ; 10.732 ; 10.577 ; 11.109 ; 10.953 ;
; B[1]       ; flag_N      ; 8.354  ; 8.287  ; 8.730  ; 8.700  ;
; B[1]       ; flag_Z      ; 11.352 ; 11.512 ; 11.765 ; 11.888 ;
; B[2]       ; SA          ; 9.885  ; 9.803  ; 10.251 ; 10.169 ;
; B[2]       ; SB          ; 9.875  ; 9.800  ; 10.229 ; 10.166 ;
; B[2]       ; SC          ; 10.454 ; 10.331 ; 10.820 ; 10.697 ;
; B[2]       ; SD          ; 10.410 ; 10.280 ; 10.776 ; 10.646 ;
; B[2]       ; SE          ; 10.327 ; 10.446 ; 10.693 ; 10.812 ;
; B[2]       ; SF          ; 10.392 ; 10.269 ; 10.758 ; 10.635 ;
; B[2]       ; SG          ; 10.423 ; 10.304 ; 10.789 ; 10.670 ;
; B[2]       ; flag_N      ; 7.987  ; 7.920  ; 8.331  ; 8.301  ;
; B[2]       ; flag_Z      ; 11.131 ; 11.201 ; 11.497 ; 11.555 ;
; B[3]       ; SA          ; 9.590  ; 9.472  ; 9.965  ; 9.847  ;
; B[3]       ; SB          ; 9.584  ; 9.469  ; 9.959  ; 9.844  ;
; B[3]       ; SC          ; 10.151 ; 9.992  ; 10.526 ; 10.367 ;
; B[3]       ; SD          ; 10.113 ; 9.947  ; 10.488 ; 10.322 ;
; B[3]       ; SE          ; 9.943  ; 10.146 ; 10.310 ; 10.521 ;
; B[3]       ; SF          ; 10.092 ; 9.933  ; 10.467 ; 10.308 ;
; B[3]       ; SG          ; 10.124 ; 9.969  ; 10.499 ; 10.344 ;
; B[3]       ; flag_N      ; 7.746  ; 7.679  ; 8.121  ; 8.046  ;
; B[3]       ; flag_Z      ; 10.744 ; 10.904 ; 11.111 ; 11.279 ;
; op[0]      ; SA          ; 9.726  ; 9.649  ; 10.094 ; 10.049 ;
; op[0]      ; SB          ; 9.709  ; 9.638  ; 10.109 ; 10.038 ;
; op[0]      ; SC          ; 10.296 ; 10.131 ; 10.696 ; 10.499 ;
; op[0]      ; SD          ; 10.252 ; 10.125 ; 10.621 ; 10.525 ;
; op[0]      ; SE          ; 10.090 ; 10.278 ; 10.458 ; 10.678 ;
; op[0]      ; SF          ; 10.238 ; 10.070 ; 10.638 ; 10.460 ;
; op[0]      ; SG          ; 10.268 ; 10.150 ; 10.636 ; 10.550 ;
; op[0]      ; flag_N      ; 7.639  ; 7.564  ; 8.040  ; 7.965  ;
; op[0]      ; flag_Z      ; 10.933 ; 11.053 ; 11.301 ; 11.453 ;
; op[1]      ; SA          ; 10.397 ; 10.238 ; 10.703 ; 10.701 ;
; op[1]      ; SB          ; 10.375 ; 10.232 ; 10.761 ; 10.690 ;
; op[1]      ; SC          ; 10.885 ; 10.802 ; 11.348 ; 11.103 ;
; op[1]      ; SD          ; 10.923 ; 10.744 ; 11.273 ; 11.177 ;
; op[1]      ; SE          ; 10.761 ; 10.867 ; 11.062 ; 11.330 ;
; op[1]      ; SF          ; 10.855 ; 10.741 ; 11.290 ; 11.112 ;
; op[1]      ; SG          ; 10.939 ; 10.771 ; 11.287 ; 11.202 ;
; op[1]      ; flag_N      ; 7.986  ; 7.918  ; 8.371  ; 8.296  ;
; op[1]      ; flag_Z      ; 11.604 ; 11.642 ; 11.905 ; 12.105 ;
+------------+-------------+--------+--------+--------+--------+


+----------------------------------------------------------+
; Minimum Progagation Delay                                ;
+------------+-------------+-------+-------+-------+-------+
; Input Port ; Output Port ; RR    ; RF    ; FR    ; FF    ;
+------------+-------------+-------+-------+-------+-------+
; A[0]       ; SA          ; 4.508 ; 4.560 ; 5.068 ; 5.120 ;
; A[0]       ; SB          ; 4.509 ; 4.541 ; 5.069 ; 5.101 ;
; A[0]       ; SC          ; 4.883 ; 4.820 ; 5.436 ; 5.380 ;
; A[0]       ; SD          ; 4.751 ; 4.807 ; 5.311 ; 5.367 ;
; A[0]       ; SE          ; 4.825 ; 4.883 ; 5.385 ; 5.436 ;
; A[0]       ; SF          ; 4.749 ; 4.888 ; 5.309 ; 5.441 ;
; A[0]       ; SG          ; 4.778 ; 4.808 ; 5.338 ; 5.368 ;
; A[0]       ; flag_N      ; 4.162 ; 4.174 ; 4.736 ; 4.767 ;
; A[0]       ; flag_Z      ; 5.431 ; 5.257 ; 5.984 ; 5.817 ;
; A[1]       ; SA          ; 4.726 ; 4.772 ; 5.288 ; 5.334 ;
; A[1]       ; SB          ; 4.728 ; 4.795 ; 5.290 ; 5.357 ;
; A[1]       ; SC          ; 4.996 ; 5.179 ; 5.558 ; 5.762 ;
; A[1]       ; SD          ; 4.972 ; 5.037 ; 5.534 ; 5.599 ;
; A[1]       ; SE          ; 5.187 ; 4.997 ; 5.770 ; 5.559 ;
; A[1]       ; SF          ; 4.984 ; 5.027 ; 5.546 ; 5.589 ;
; A[1]       ; SG          ; 5.000 ; 5.027 ; 5.562 ; 5.589 ;
; A[1]       ; flag_N      ; 4.287 ; 4.299 ; 4.870 ; 4.901 ;
; A[1]       ; flag_Z      ; 5.710 ; 5.486 ; 6.272 ; 6.048 ;
; A[2]       ; SA          ; 4.756 ; 4.775 ; 5.297 ; 5.316 ;
; A[2]       ; SB          ; 4.757 ; 4.812 ; 5.298 ; 5.375 ;
; A[2]       ; SC          ; 5.023 ; 5.061 ; 5.564 ; 5.602 ;
; A[2]       ; SD          ; 4.999 ; 5.034 ; 5.540 ; 5.575 ;
; A[2]       ; SE          ; 5.069 ; 5.026 ; 5.610 ; 5.567 ;
; A[2]       ; SF          ; 4.991 ; 5.029 ; 5.532 ; 5.570 ;
; A[2]       ; SG          ; 5.006 ; 5.044 ; 5.547 ; 5.585 ;
; A[2]       ; flag_N      ; 4.055 ; 4.067 ; 4.618 ; 4.649 ;
; A[2]       ; flag_Z      ; 5.711 ; 5.478 ; 6.260 ; 6.019 ;
; A[3]       ; SA          ; 4.526 ; 4.550 ; 5.068 ; 5.092 ;
; A[3]       ; SB          ; 4.528 ; 4.552 ; 5.070 ; 5.094 ;
; A[3]       ; SC          ; 4.788 ; 4.831 ; 5.330 ; 5.373 ;
; A[3]       ; SD          ; 4.769 ; 4.809 ; 5.311 ; 5.351 ;
; A[3]       ; SE          ; 4.983 ; 4.789 ; 5.525 ; 5.331 ;
; A[3]       ; SF          ; 4.761 ; 4.804 ; 5.303 ; 5.346 ;
; A[3]       ; SG          ; 4.776 ; 4.819 ; 5.318 ; 5.361 ;
; A[3]       ; flag_N      ; 3.795 ; 3.811 ; 4.337 ; 4.353 ;
; A[3]       ; flag_Z      ; 5.458 ; 5.241 ; 6.000 ; 5.783 ;
; B[0]       ; SA          ; 4.589 ; 4.641 ; 5.140 ; 5.192 ;
; B[0]       ; SB          ; 4.590 ; 4.622 ; 5.141 ; 5.173 ;
; B[0]       ; SC          ; 4.908 ; 4.901 ; 5.459 ; 5.452 ;
; B[0]       ; SD          ; 4.832 ; 4.888 ; 5.383 ; 5.439 ;
; B[0]       ; SE          ; 4.906 ; 4.909 ; 5.457 ; 5.460 ;
; B[0]       ; SF          ; 4.830 ; 4.939 ; 5.381 ; 5.490 ;
; B[0]       ; SG          ; 4.859 ; 4.889 ; 5.410 ; 5.440 ;
; B[0]       ; flag_N      ; 4.247 ; 4.259 ; 4.835 ; 4.866 ;
; B[0]       ; flag_Z      ; 5.508 ; 5.338 ; 6.078 ; 5.889 ;
; B[1]       ; SA          ; 4.771 ; 4.817 ; 5.312 ; 5.358 ;
; B[1]       ; SB          ; 4.773 ; 4.840 ; 5.314 ; 5.381 ;
; B[1]       ; SC          ; 5.041 ; 5.158 ; 5.582 ; 5.741 ;
; B[1]       ; SD          ; 5.017 ; 5.082 ; 5.558 ; 5.623 ;
; B[1]       ; SE          ; 5.166 ; 5.042 ; 5.749 ; 5.583 ;
; B[1]       ; SF          ; 5.029 ; 5.072 ; 5.570 ; 5.613 ;
; B[1]       ; SG          ; 5.045 ; 5.072 ; 5.586 ; 5.613 ;
; B[1]       ; flag_N      ; 4.266 ; 4.278 ; 4.849 ; 4.880 ;
; B[1]       ; flag_Z      ; 5.755 ; 5.531 ; 6.296 ; 6.072 ;
; B[2]       ; SA          ; 4.808 ; 4.827 ; 5.396 ; 5.415 ;
; B[2]       ; SB          ; 4.809 ; 4.853 ; 5.397 ; 5.430 ;
; B[2]       ; SC          ; 5.075 ; 5.113 ; 5.663 ; 5.701 ;
; B[2]       ; SD          ; 5.051 ; 5.086 ; 5.639 ; 5.674 ;
; B[2]       ; SE          ; 5.121 ; 5.078 ; 5.709 ; 5.666 ;
; B[2]       ; SF          ; 5.043 ; 5.081 ; 5.631 ; 5.669 ;
; B[2]       ; SG          ; 5.058 ; 5.096 ; 5.646 ; 5.684 ;
; B[2]       ; flag_N      ; 4.096 ; 4.108 ; 4.673 ; 4.704 ;
; B[2]       ; flag_Z      ; 5.755 ; 5.530 ; 6.323 ; 6.118 ;
; B[3]       ; SA          ; 4.771 ; 4.795 ; 5.314 ; 5.338 ;
; B[3]       ; SB          ; 4.773 ; 4.797 ; 5.316 ; 5.340 ;
; B[3]       ; SC          ; 5.033 ; 5.076 ; 5.576 ; 5.619 ;
; B[3]       ; SD          ; 5.014 ; 5.054 ; 5.557 ; 5.597 ;
; B[3]       ; SE          ; 5.228 ; 5.034 ; 5.771 ; 5.577 ;
; B[3]       ; SF          ; 5.006 ; 5.049 ; 5.549 ; 5.592 ;
; B[3]       ; SG          ; 5.021 ; 5.064 ; 5.564 ; 5.607 ;
; B[3]       ; flag_N      ; 4.040 ; 4.056 ; 4.583 ; 4.599 ;
; B[3]       ; flag_Z      ; 5.703 ; 5.486 ; 6.246 ; 6.029 ;
; op[0]      ; SA          ; 4.469 ; 4.488 ; 5.043 ; 5.062 ;
; op[0]      ; SB          ; 4.470 ; 4.550 ; 5.044 ; 5.121 ;
; op[0]      ; SC          ; 4.736 ; 4.774 ; 5.310 ; 5.348 ;
; op[0]      ; SD          ; 4.712 ; 4.747 ; 5.286 ; 5.321 ;
; op[0]      ; SE          ; 4.782 ; 4.739 ; 5.356 ; 5.313 ;
; op[0]      ; SF          ; 4.704 ; 4.742 ; 5.278 ; 5.316 ;
; op[0]      ; SG          ; 4.719 ; 4.757 ; 5.293 ; 5.331 ;
; op[0]      ; flag_N      ; 3.793 ; 3.827 ; 4.381 ; 4.364 ;
; op[0]      ; flag_Z      ; 5.408 ; 5.191 ; 5.980 ; 5.765 ;
; op[1]      ; SA          ; 4.525 ; 4.544 ; 5.097 ; 5.116 ;
; op[1]      ; SB          ; 4.526 ; 4.689 ; 5.098 ; 5.254 ;
; op[1]      ; SC          ; 4.792 ; 4.830 ; 5.364 ; 5.402 ;
; op[1]      ; SD          ; 4.768 ; 4.803 ; 5.340 ; 5.375 ;
; op[1]      ; SE          ; 4.838 ; 4.795 ; 5.410 ; 5.367 ;
; op[1]      ; SF          ; 4.760 ; 4.798 ; 5.332 ; 5.370 ;
; op[1]      ; SG          ; 4.775 ; 4.813 ; 5.347 ; 5.385 ;
; op[1]      ; flag_N      ; 3.982 ; 4.019 ; 4.578 ; 4.561 ;
; op[1]      ; flag_Z      ; 5.460 ; 5.247 ; 6.025 ; 5.819 ;
+------------+-------------+-------+-------+-------+-------+


+------------------------------------------------------------------------------------------------------------------------------------------------------------------------------------------------------------------------------------------------------------------------------------------------------------------------------------------------------------------------------------------------------------------+
; Board Trace Model Assignments                                                                                                                                                                                                                                                                                                                                                                                    ;
+---------------+--------------+-------------------+-------------------------+-------------------------+---------------+---------------------+----------------+------------------+--------+------------------+------------------------+------------------------+--------------+---------------+-----------------+-------+---------------------+--------------------+---------------+-----------------+-------------+
; Pin           ; I/O Standard ; Near Tline Length ; Near Tline L per Length ; Near Tline C per Length ; Near Series R ; Near Differential R ; Near Pull-up R ; Near Pull-down R ; Near C ; Far Tline Length ; Far Tline L per Length ; Far Tline C per Length ; Far Series R ; Far Pull-up R ; Far Pull-down R ; Far C ; Termination Voltage ; Far Differential R ; EBD File Name ; EBD Signal Name ; EBD Far-end ;
+---------------+--------------+-------------------+-------------------------+-------------------------+---------------+---------------------+----------------+------------------+--------+------------------+------------------------+------------------------+--------------+---------------+-----------------+-------+---------------------+--------------------+---------------+-----------------+-------------+
; flag_N        ; 2.5 V        ; 0 in              ; 0 H/in                  ; 0 F/in                  ; short         ; -                   ; open           ; open             ; open   ; 0 in             ; 0 H/in                 ; 0 F/in                 ; short        ; open          ; open            ; open  ; 0 V                 ; -                  ; n/a           ; n/a             ; n/a         ;
; SA            ; 2.5 V        ; 0 in              ; 0 H/in                  ; 0 F/in                  ; short         ; -                   ; open           ; open             ; open   ; 0 in             ; 0 H/in                 ; 0 F/in                 ; short        ; open          ; open            ; open  ; 0 V                 ; -                  ; n/a           ; n/a             ; n/a         ;
; SB            ; 2.5 V        ; 0 in              ; 0 H/in                  ; 0 F/in                  ; short         ; -                   ; open           ; open             ; open   ; 0 in             ; 0 H/in                 ; 0 F/in                 ; short        ; open          ; open            ; open  ; 0 V                 ; -                  ; n/a           ; n/a             ; n/a         ;
; SC            ; 2.5 V        ; 0 in              ; 0 H/in                  ; 0 F/in                  ; short         ; -                   ; open           ; open             ; open   ; 0 in             ; 0 H/in                 ; 0 F/in                 ; short        ; open          ; open            ; open  ; 0 V                 ; -                  ; n/a           ; n/a             ; n/a         ;
; SD            ; 2.5 V        ; 0 in              ; 0 H/in                  ; 0 F/in                  ; short         ; -                   ; open           ; open             ; open   ; 0 in             ; 0 H/in                 ; 0 F/in                 ; short        ; open          ; open            ; open  ; 0 V                 ; -                  ; n/a           ; n/a             ; n/a         ;
; SE            ; 2.5 V        ; 0 in              ; 0 H/in                  ; 0 F/in                  ; short         ; -                   ; open           ; open             ; open   ; 0 in             ; 0 H/in                 ; 0 F/in                 ; short        ; open          ; open            ; open  ; 0 V                 ; -                  ; n/a           ; n/a             ; n/a         ;
; SF            ; 2.5 V        ; 0 in              ; 0 H/in                  ; 0 F/in                  ; short         ; -                   ; open           ; open             ; open   ; 0 in             ; 0 H/in                 ; 0 F/in                 ; short        ; open          ; open            ; open  ; 0 V                 ; -                  ; n/a           ; n/a             ; n/a         ;
; SG            ; 2.5 V        ; 0 in              ; 0 H/in                  ; 0 F/in                  ; short         ; -                   ; open           ; open             ; open   ; 0 in             ; 0 H/in                 ; 0 F/in                 ; short        ; open          ; open            ; open  ; 0 V                 ; -                  ; n/a           ; n/a             ; n/a         ;
; flag_Z        ; 2.5 V        ; 0 in              ; 0 H/in                  ; 0 F/in                  ; short         ; -                   ; open           ; open             ; open   ; 0 in             ; 0 H/in                 ; 0 F/in                 ; short        ; open          ; open            ; open  ; 0 V                 ; -                  ; n/a           ; n/a             ; n/a         ;
; ~ALTERA_DCLK~ ; 2.5 V        ; 0 in              ; 0 H/in                  ; 0 F/in                  ; short         ; -                   ; open           ; open             ; open   ; 0 in             ; 0 H/in                 ; 0 F/in                 ; short        ; open          ; open            ; open  ; 0 V                 ; -                  ; n/a           ; n/a             ; n/a         ;
; ~ALTERA_nCEO~ ; 2.5 V        ; 0 in              ; 0 H/in                  ; 0 F/in                  ; short         ; -                   ; open           ; open             ; open   ; 0 in             ; 0 H/in                 ; 0 F/in                 ; short        ; open          ; open            ; open  ; 0 V                 ; -                  ; n/a           ; n/a             ; n/a         ;
+---------------+--------------+-------------------+-------------------------+-------------------------+---------------+---------------------+----------------+------------------+--------+------------------+------------------------+------------------------+--------------+---------------+-----------------+-------+---------------------+--------------------+---------------+-----------------+-------------+


+----------------------------------------------------------------------------+
; Input Transition Times                                                     ;
+-------------------------+--------------+-----------------+-----------------+
; Pin                     ; I/O Standard ; 10-90 Rise Time ; 90-10 Fall Time ;
+-------------------------+--------------+-----------------+-----------------+
; B[0]                    ; 2.5 V        ; 2000 ps         ; 2000 ps         ;
; A[0]                    ; 2.5 V        ; 2000 ps         ; 2000 ps         ;
; A[1]                    ; 2.5 V        ; 2000 ps         ; 2000 ps         ;
; B[1]                    ; 2.5 V        ; 2000 ps         ; 2000 ps         ;
; A[2]                    ; 2.5 V        ; 2000 ps         ; 2000 ps         ;
; B[2]                    ; 2.5 V        ; 2000 ps         ; 2000 ps         ;
; B[3]                    ; 2.5 V        ; 2000 ps         ; 2000 ps         ;
; A[3]                    ; 2.5 V        ; 2000 ps         ; 2000 ps         ;
; op[1]                   ; 2.5 V        ; 2000 ps         ; 2000 ps         ;
; op[0]                   ; 2.5 V        ; 2000 ps         ; 2000 ps         ;
; ~ALTERA_ASDO_DATA1~     ; 2.5 V        ; 2000 ps         ; 2000 ps         ;
; ~ALTERA_FLASH_nCE_nCSO~ ; 2.5 V        ; 2000 ps         ; 2000 ps         ;
; ~ALTERA_DATA0~          ; 2.5 V        ; 2000 ps         ; 2000 ps         ;
+-------------------------+--------------+-----------------+-----------------+


+--------------------------------------------------------------------------------------------------------------------------------------------------------------------------------------------------------------------------------------------------------------------------------------------------------------------------------------------------------------------------------------------------------------------------------------------------------------------------------------------------------------------------------------------------------------------------------------------------------------------------------------------------------------------------------------------+
; Slow Corner Signal Integrity Metrics                                                                                                                                                                                                                                                                                                                                                                                                                                                                                                                                                                                                                                                       ;
+---------------+--------------+---------------------+---------------------+------------------------------+------------------------------+---------------------+---------------------+--------------------------------------+--------------------------------------+-----------------------------+-----------------------------+----------------------------+----------------------------+-----------------------------+-----------------------------+--------------------+--------------------+-------------------------------------+-------------------------------------+----------------------------+----------------------------+---------------------------+---------------------------+
; Pin           ; I/O Standard ; Board Delay on Rise ; Board Delay on Fall ; Steady State Voh at FPGA Pin ; Steady State Vol at FPGA Pin ; Voh Max at FPGA Pin ; Vol Min at FPGA Pin ; Ringback Voltage on Rise at FPGA Pin ; Ringback Voltage on Fall at FPGA Pin ; 10-90 Rise Time at FPGA Pin ; 90-10 Fall Time at FPGA Pin ; Monotonic Rise at FPGA Pin ; Monotonic Fall at FPGA Pin ; Steady State Voh at Far-end ; Steady State Vol at Far-end ; Voh Max at Far-end ; Vol Min at Far-end ; Ringback Voltage on Rise at Far-end ; Ringback Voltage on Fall at Far-end ; 10-90 Rise Time at Far-end ; 90-10 Fall Time at Far-end ; Monotonic Rise at Far-end ; Monotonic Fall at Far-end ;
+---------------+--------------+---------------------+---------------------+------------------------------+------------------------------+---------------------+---------------------+--------------------------------------+--------------------------------------+-----------------------------+-----------------------------+----------------------------+----------------------------+-----------------------------+-----------------------------+--------------------+--------------------+-------------------------------------+-------------------------------------+----------------------------+----------------------------+---------------------------+---------------------------+
; flag_N        ; 2.5 V        ; 0 s                 ; 0 s                 ; 2.32 V                       ; 3.73e-07 V                   ; 2.34 V              ; -0.00816 V          ; 0.13 V                               ; 0.041 V                              ; 8.81e-10 s                  ; 8.48e-10 s                  ; Yes                        ; Yes                        ; 2.32 V                      ; 3.73e-07 V                  ; 2.34 V             ; -0.00816 V         ; 0.13 V                              ; 0.041 V                             ; 8.81e-10 s                 ; 8.48e-10 s                 ; Yes                       ; Yes                       ;
; SA            ; 2.5 V        ; 0 s                 ; 0 s                 ; 2.32 V                       ; 5.54e-07 V                   ; 2.36 V              ; -0.00618 V          ; 0.134 V                              ; 0.019 V                              ; 4.65e-10 s                  ; 4.67e-10 s                  ; Yes                        ; Yes                        ; 2.32 V                      ; 5.54e-07 V                  ; 2.36 V             ; -0.00618 V         ; 0.134 V                             ; 0.019 V                             ; 4.65e-10 s                 ; 4.67e-10 s                 ; Yes                       ; Yes                       ;
; SB            ; 2.5 V        ; 0 s                 ; 0 s                 ; 2.32 V                       ; 5.54e-07 V                   ; 2.36 V              ; -0.00618 V          ; 0.134 V                              ; 0.019 V                              ; 4.65e-10 s                  ; 4.67e-10 s                  ; Yes                        ; Yes                        ; 2.32 V                      ; 5.54e-07 V                  ; 2.36 V             ; -0.00618 V         ; 0.134 V                             ; 0.019 V                             ; 4.65e-10 s                 ; 4.67e-10 s                 ; Yes                       ; Yes                       ;
; SC            ; 2.5 V        ; 0 s                 ; 0 s                 ; 2.32 V                       ; 5.54e-07 V                   ; 2.36 V              ; -0.00618 V          ; 0.134 V                              ; 0.019 V                              ; 4.65e-10 s                  ; 4.67e-10 s                  ; Yes                        ; Yes                        ; 2.32 V                      ; 5.54e-07 V                  ; 2.36 V             ; -0.00618 V         ; 0.134 V                             ; 0.019 V                             ; 4.65e-10 s                 ; 4.67e-10 s                 ; Yes                       ; Yes                       ;
; SD            ; 2.5 V        ; 0 s                 ; 0 s                 ; 2.32 V                       ; 5.54e-07 V                   ; 2.36 V              ; -0.00618 V          ; 0.134 V                              ; 0.019 V                              ; 4.65e-10 s                  ; 4.67e-10 s                  ; Yes                        ; Yes                        ; 2.32 V                      ; 5.54e-07 V                  ; 2.36 V             ; -0.00618 V         ; 0.134 V                             ; 0.019 V                             ; 4.65e-10 s                 ; 4.67e-10 s                 ; Yes                       ; Yes                       ;
; SE            ; 2.5 V        ; 0 s                 ; 0 s                 ; 2.32 V                       ; 5.54e-07 V                   ; 2.36 V              ; -0.00618 V          ; 0.134 V                              ; 0.019 V                              ; 4.65e-10 s                  ; 4.67e-10 s                  ; Yes                        ; Yes                        ; 2.32 V                      ; 5.54e-07 V                  ; 2.36 V             ; -0.00618 V         ; 0.134 V                             ; 0.019 V                             ; 4.65e-10 s                 ; 4.67e-10 s                 ; Yes                       ; Yes                       ;
; SF            ; 2.5 V        ; 0 s                 ; 0 s                 ; 2.32 V                       ; 5.54e-07 V                   ; 2.36 V              ; -0.00618 V          ; 0.134 V                              ; 0.019 V                              ; 4.65e-10 s                  ; 4.67e-10 s                  ; Yes                        ; Yes                        ; 2.32 V                      ; 5.54e-07 V                  ; 2.36 V             ; -0.00618 V         ; 0.134 V                             ; 0.019 V                             ; 4.65e-10 s                 ; 4.67e-10 s                 ; Yes                       ; Yes                       ;
; SG            ; 2.5 V        ; 0 s                 ; 0 s                 ; 2.32 V                       ; 5.54e-07 V                   ; 2.36 V              ; -0.00618 V          ; 0.134 V                              ; 0.019 V                              ; 4.65e-10 s                  ; 4.67e-10 s                  ; Yes                        ; Yes                        ; 2.32 V                      ; 5.54e-07 V                  ; 2.36 V             ; -0.00618 V         ; 0.134 V                             ; 0.019 V                             ; 4.65e-10 s                 ; 4.67e-10 s                 ; Yes                       ; Yes                       ;
; flag_Z        ; 2.5 V        ; 0 s                 ; 0 s                 ; 2.32 V                       ; 3.73e-07 V                   ; 2.34 V              ; -0.00816 V          ; 0.13 V                               ; 0.041 V                              ; 8.81e-10 s                  ; 8.48e-10 s                  ; Yes                        ; Yes                        ; 2.32 V                      ; 3.73e-07 V                  ; 2.34 V             ; -0.00816 V         ; 0.13 V                              ; 0.041 V                             ; 8.81e-10 s                 ; 8.48e-10 s                 ; Yes                       ; Yes                       ;
; ~ALTERA_DCLK~ ; 2.5 V        ; 0 s                 ; 0 s                 ; 2.32 V                       ; 2.92e-07 V                   ; 2.35 V              ; -0.00909 V          ; 0.089 V                              ; 0.034 V                              ; 6.14e-10 s                  ; 5.11e-10 s                  ; Yes                        ; Yes                        ; 2.32 V                      ; 2.92e-07 V                  ; 2.35 V             ; -0.00909 V         ; 0.089 V                             ; 0.034 V                             ; 6.14e-10 s                 ; 5.11e-10 s                 ; Yes                       ; Yes                       ;
; ~ALTERA_nCEO~ ; 2.5 V        ; 0 s                 ; 0 s                 ; 2.32 V                       ; 4.8e-07 V                    ; 2.34 V              ; -0.00363 V          ; 0.103 V                              ; 0.024 V                              ; 7.75e-10 s                  ; 1.04e-09 s                  ; Yes                        ; Yes                        ; 2.32 V                      ; 4.8e-07 V                   ; 2.34 V             ; -0.00363 V         ; 0.103 V                             ; 0.024 V                             ; 7.75e-10 s                 ; 1.04e-09 s                 ; Yes                       ; Yes                       ;
+---------------+--------------+---------------------+---------------------+------------------------------+------------------------------+---------------------+---------------------+--------------------------------------+--------------------------------------+-----------------------------+-----------------------------+----------------------------+----------------------------+-----------------------------+-----------------------------+--------------------+--------------------+-------------------------------------+-------------------------------------+----------------------------+----------------------------+---------------------------+---------------------------+


+--------------------------------------------------------------------------------------------------------------------------------------------------------------------------------------------------------------------------------------------------------------------------------------------------------------------------------------------------------------------------------------------------------------------------------------------------------------------------------------------------------------------------------------------------------------------------------------------------------------------------------------------------------------------------------------------+
; Fast Corner Signal Integrity Metrics                                                                                                                                                                                                                                                                                                                                                                                                                                                                                                                                                                                                                                                       ;
+---------------+--------------+---------------------+---------------------+------------------------------+------------------------------+---------------------+---------------------+--------------------------------------+--------------------------------------+-----------------------------+-----------------------------+----------------------------+----------------------------+-----------------------------+-----------------------------+--------------------+--------------------+-------------------------------------+-------------------------------------+----------------------------+----------------------------+---------------------------+---------------------------+
; Pin           ; I/O Standard ; Board Delay on Rise ; Board Delay on Fall ; Steady State Voh at FPGA Pin ; Steady State Vol at FPGA Pin ; Voh Max at FPGA Pin ; Vol Min at FPGA Pin ; Ringback Voltage on Rise at FPGA Pin ; Ringback Voltage on Fall at FPGA Pin ; 10-90 Rise Time at FPGA Pin ; 90-10 Fall Time at FPGA Pin ; Monotonic Rise at FPGA Pin ; Monotonic Fall at FPGA Pin ; Steady State Voh at Far-end ; Steady State Vol at Far-end ; Voh Max at Far-end ; Vol Min at Far-end ; Ringback Voltage on Rise at Far-end ; Ringback Voltage on Fall at Far-end ; 10-90 Rise Time at Far-end ; 90-10 Fall Time at Far-end ; Monotonic Rise at Far-end ; Monotonic Fall at Far-end ;
+---------------+--------------+---------------------+---------------------+------------------------------+------------------------------+---------------------+---------------------+--------------------------------------+--------------------------------------+-----------------------------+-----------------------------+----------------------------+----------------------------+-----------------------------+-----------------------------+--------------------+--------------------+-------------------------------------+-------------------------------------+----------------------------+----------------------------+---------------------------+---------------------------+
; flag_N        ; 2.5 V        ; 0 s                 ; 0 s                 ; 2.62 V                       ; 2.78e-08 V                   ; 2.71 V              ; -0.0349 V           ; 0.253 V                              ; 0.069 V                              ; 4.96e-10 s                  ; 5.19e-10 s                  ; No                         ; Yes                        ; 2.62 V                      ; 2.78e-08 V                  ; 2.71 V             ; -0.0349 V          ; 0.253 V                             ; 0.069 V                             ; 4.96e-10 s                 ; 5.19e-10 s                 ; No                        ; Yes                       ;
; SA            ; 2.5 V        ; 0 s                 ; 0 s                 ; 2.62 V                       ; 4.11e-08 V                   ; 2.73 V              ; -0.0566 V           ; 0.191 V                              ; 0.12 V                               ; 2.69e-10 s                  ; 2.76e-10 s                  ; Yes                        ; Yes                        ; 2.62 V                      ; 4.11e-08 V                  ; 2.73 V             ; -0.0566 V          ; 0.191 V                             ; 0.12 V                              ; 2.69e-10 s                 ; 2.76e-10 s                 ; Yes                       ; Yes                       ;
; SB            ; 2.5 V        ; 0 s                 ; 0 s                 ; 2.62 V                       ; 4.11e-08 V                   ; 2.73 V              ; -0.0566 V           ; 0.191 V                              ; 0.12 V                               ; 2.69e-10 s                  ; 2.76e-10 s                  ; Yes                        ; Yes                        ; 2.62 V                      ; 4.11e-08 V                  ; 2.73 V             ; -0.0566 V          ; 0.191 V                             ; 0.12 V                              ; 2.69e-10 s                 ; 2.76e-10 s                 ; Yes                       ; Yes                       ;
; SC            ; 2.5 V        ; 0 s                 ; 0 s                 ; 2.62 V                       ; 4.11e-08 V                   ; 2.73 V              ; -0.0566 V           ; 0.191 V                              ; 0.12 V                               ; 2.69e-10 s                  ; 2.76e-10 s                  ; Yes                        ; Yes                        ; 2.62 V                      ; 4.11e-08 V                  ; 2.73 V             ; -0.0566 V          ; 0.191 V                             ; 0.12 V                              ; 2.69e-10 s                 ; 2.76e-10 s                 ; Yes                       ; Yes                       ;
; SD            ; 2.5 V        ; 0 s                 ; 0 s                 ; 2.62 V                       ; 4.11e-08 V                   ; 2.73 V              ; -0.0566 V           ; 0.191 V                              ; 0.12 V                               ; 2.69e-10 s                  ; 2.76e-10 s                  ; Yes                        ; Yes                        ; 2.62 V                      ; 4.11e-08 V                  ; 2.73 V             ; -0.0566 V          ; 0.191 V                             ; 0.12 V                              ; 2.69e-10 s                 ; 2.76e-10 s                 ; Yes                       ; Yes                       ;
; SE            ; 2.5 V        ; 0 s                 ; 0 s                 ; 2.62 V                       ; 4.11e-08 V                   ; 2.73 V              ; -0.0566 V           ; 0.191 V                              ; 0.12 V                               ; 2.69e-10 s                  ; 2.76e-10 s                  ; Yes                        ; Yes                        ; 2.62 V                      ; 4.11e-08 V                  ; 2.73 V             ; -0.0566 V          ; 0.191 V                             ; 0.12 V                              ; 2.69e-10 s                 ; 2.76e-10 s                 ; Yes                       ; Yes                       ;
; SF            ; 2.5 V        ; 0 s                 ; 0 s                 ; 2.62 V                       ; 4.11e-08 V                   ; 2.73 V              ; -0.0566 V           ; 0.191 V                              ; 0.12 V                               ; 2.69e-10 s                  ; 2.76e-10 s                  ; Yes                        ; Yes                        ; 2.62 V                      ; 4.11e-08 V                  ; 2.73 V             ; -0.0566 V          ; 0.191 V                             ; 0.12 V                              ; 2.69e-10 s                 ; 2.76e-10 s                 ; Yes                       ; Yes                       ;
; SG            ; 2.5 V        ; 0 s                 ; 0 s                 ; 2.62 V                       ; 4.11e-08 V                   ; 2.73 V              ; -0.0566 V           ; 0.191 V                              ; 0.12 V                               ; 2.69e-10 s                  ; 2.76e-10 s                  ; Yes                        ; Yes                        ; 2.62 V                      ; 4.11e-08 V                  ; 2.73 V             ; -0.0566 V          ; 0.191 V                             ; 0.12 V                              ; 2.69e-10 s                 ; 2.76e-10 s                 ; Yes                       ; Yes                       ;
; flag_Z        ; 2.5 V        ; 0 s                 ; 0 s                 ; 2.62 V                       ; 2.78e-08 V                   ; 2.71 V              ; -0.0349 V           ; 0.253 V                              ; 0.069 V                              ; 4.96e-10 s                  ; 5.19e-10 s                  ; No                         ; Yes                        ; 2.62 V                      ; 2.78e-08 V                  ; 2.71 V             ; -0.0349 V          ; 0.253 V                             ; 0.069 V                             ; 4.96e-10 s                 ; 5.19e-10 s                 ; No                        ; Yes                       ;
; ~ALTERA_DCLK~ ; 2.5 V        ; 0 s                 ; 0 s                 ; 2.62 V                       ; 2.22e-08 V                   ; 2.72 V              ; -0.0747 V           ; 0.28 V                               ; 0.169 V                              ; 3.1e-10 s                   ; 3.01e-10 s                  ; No                         ; Yes                        ; 2.62 V                      ; 2.22e-08 V                  ; 2.72 V             ; -0.0747 V          ; 0.28 V                              ; 0.169 V                             ; 3.1e-10 s                  ; 3.01e-10 s                 ; No                        ; Yes                       ;
; ~ALTERA_nCEO~ ; 2.5 V        ; 0 s                 ; 0 s                 ; 2.62 V                       ; 3.53e-08 V                   ; 2.7 V               ; -0.0212 V           ; 0.204 V                              ; 0.049 V                              ; 4.85e-10 s                  ; 6.73e-10 s                  ; No                         ; Yes                        ; 2.62 V                      ; 3.53e-08 V                  ; 2.7 V              ; -0.0212 V          ; 0.204 V                             ; 0.049 V                             ; 4.85e-10 s                 ; 6.73e-10 s                 ; No                        ; Yes                       ;
+---------------+--------------+---------------------+---------------------+------------------------------+------------------------------+---------------------+---------------------+--------------------------------------+--------------------------------------+-----------------------------+-----------------------------+----------------------------+----------------------------+-----------------------------+-----------------------------+--------------------+--------------------+-------------------------------------+-------------------------------------+----------------------------+----------------------------+---------------------------+---------------------------+


-------------------
; Clock Transfers ;
-------------------
Nothing to report.


---------------
; Report TCCS ;
---------------
No dedicated SERDES Transmitter circuitry present in device or used in design


---------------
; Report RSKM ;
---------------
No dedicated SERDES Receiver circuitry present in device or used in design


+------------------------------------------------+
; Unconstrained Paths                            ;
+---------------------------------+-------+------+
; Property                        ; Setup ; Hold ;
+---------------------------------+-------+------+
; Illegal Clocks                  ; 0     ; 0    ;
; Unconstrained Clocks            ; 0     ; 0    ;
; Unconstrained Input Ports       ; 10    ; 10   ;
; Unconstrained Input Port Paths  ; 90    ; 90   ;
; Unconstrained Output Ports      ; 9     ; 9    ;
; Unconstrained Output Port Paths ; 90    ; 90   ;
+---------------------------------+-------+------+


+------------------------------------+
; TimeQuest Timing Analyzer Messages ;
+------------------------------------+
Info: *******************************************************************
Info: Running Quartus II 32-bit TimeQuest Timing Analyzer
    Info: Version 13.0.1 Build 232 06/12/2013 Service Pack 1 SJ Web Edition
    Info: Processing started: Wed Dec 06 23:30:53 2023
Info: Command: quartus_sta ConversorBCD -c ConversorBCD
Info: qsta_default_script.tcl version: #1
Warning (20028): Parallel compilation is not licensed and has been disabled
Info (21077): Low junction temperature is 0 degrees C
Info (21077): High junction temperature is 85 degrees C
Critical Warning (332012): Synopsys Design Constraints File file not found: 'ConversorBCD.sdc'. A Synopsys Design Constraints File is required by the TimeQuest Timing Analyzer to get proper timing constraints. Without it, the Compiler will not properly optimize the design.
Info (332142): No user constrained base clocks found in the design. Calling "derive_clocks -period 1.0"
Info (332096): The command derive_clocks did not find any clocks to derive.  No clocks were created or changed.
Warning (332068): No clocks defined in design.
Info (332143): No user constrained clock uncertainty found in the design. Calling "derive_clock_uncertainty"
Info (332154): The derive_clock_uncertainty command did not apply clock uncertainty to any clock-to-clock transfers.
Info: Found TIMEQUEST_REPORT_SCRIPT_INCLUDE_DEFAULT_ANALYSIS = ON
Info (332159): No clocks to report
Info: Analyzing Slow 1200mV 85C Model
Info (332140): No fmax paths to report
Info (332140): No Setup paths to report
Info (332140): No Hold paths to report
Info (332140): No Recovery paths to report
Info (332140): No Removal paths to report
Info (332140): No Minimum Pulse Width paths to report
Info: Analyzing Slow 1200mV 0C Model
Info (334003): Started post-fitting delay annotation
Info (334004): Delay annotation completed successfully
Info (332142): No user constrained base clocks found in the design. Calling "derive_clocks -period 1.0"
Info (332096): The command derive_clocks did not find any clocks to derive.  No clocks were created or changed.
Warning (332068): No clocks defined in design.
Info (332154): The derive_clock_uncertainty command did not apply clock uncertainty to any clock-to-clock transfers.
Info (332140): No fmax paths to report
Info (332140): No Setup paths to report
Info (332140): No Hold paths to report
Info (332140): No Recovery paths to report
Info (332140): No Removal paths to report
Info (332140): No Minimum Pulse Width paths to report
Info: Analyzing Fast 1200mV 0C Model
Info (332142): No user constrained base clocks found in the design. Calling "derive_clocks -period 1.0"
Info (332096): The command derive_clocks did not find any clocks to derive.  No clocks were created or changed.
Warning (332068): No clocks defined in design.
Info (332154): The derive_clock_uncertainty command did not apply clock uncertainty to any clock-to-clock transfers.
Info (332140): No Setup paths to report
Info (332140): No Hold paths to report
Info (332140): No Recovery paths to report
Info (332140): No Removal paths to report
Info (332140): No Minimum Pulse Width paths to report
Info (332102): Design is not fully constrained for setup requirements
Info (332102): Design is not fully constrained for hold requirements
Info: Quartus II 32-bit TimeQuest Timing Analyzer was successful. 0 errors, 5 warnings
    Info: Peak virtual memory: 375 megabytes
    Info: Processing ended: Wed Dec 06 23:30:54 2023
    Info: Elapsed time: 00:00:01
    Info: Total CPU time (on all processors): 00:00:01


